#
# A fatal error has been detected by the Java Runtime Environment:
#
#  EXCEPTION_ACCESS_VIOLATION (0xc0000005) at pc=0x00000000779ea365, pid=8676, tid=5972
#
# JRE version: Java(TM) SE Runtime Environment (11.0.4+10) (build 11.0.4+10-LTS)
# Java VM: Java HotSpot(TM) 64-Bit Server VM (11.0.4+10-LTS, mixed mode, tiered, compressed oops, g1 gc, windows-amd64)
# Problematic frame:
# C  [ntdll.dll+0x2a365]
#
# No core dump will be written. Minidumps are not enabled by default on client versions of Windows
#
# If you would like to submit a bug report, please visit:
#   http://bugreport.java.com/bugreport/crash.jsp
#

---------------  S U M M A R Y ------------

Command Line: -Dcom.sun.management.jmxremote -Dcom.sun.management.jmxremote.port=63443 -Dcom.sun.management.jmxremote.authenticate=false -Dcom.sun.management.jmxremote.ssl=false -Djava.rmi.server.hostname=localhost -Dspring.jmx.enabled=true -Dspring.application.admin.enabled=true -Xverify:none -XX:TieredStopAtLevel=1 -Dfile.encoding=UTF-8 com.felipealmeida.cursomc.CursomcApplication --spring.output.ansi.enabled=always

Host: Intel(R) Core(TM) i5-4670K CPU @ 3.40GHz, 4 cores, 11G,  Windows 7 , 64 bit Build 7601 (6.1.7601.24545)
Time: Mon Feb 17 18:11:29 2020 Hora oficial do Brasil elapsed time: 0 seconds (0d 0h 0m 0s)

---------------  T H R E A D  ---------------

Current thread (0x0000000025493000):  JavaThread "C1 CompilerThread2" daemon [_thread_in_vm, id=5972, stack(0x0000000025ba0000,0x0000000025ca0000)]


Current CompileTask:
C1:    457 1108       1       java.util.WeakHashMap::put (162 bytes)

Stack: [0x0000000025ba0000,0x0000000025ca0000],  sp=0x0000000025c9ec10,  free space=1019k
Native frames: (J=compiled Java code, j=interpreted, Vv=VM code, C=native code)
C  [ntdll.dll+0x2a365]
C  [ucrtbase.DLL+0xd00b]
V  [jvm.dll+0x70384c]
V  [jvm.dll+0x5eb545]
V  [jvm.dll+0x22a7ff]
V  [jvm.dll+0x22a6a1]
V  [jvm.dll+0x22608d]
V  [jvm.dll+0x224bc8]
V  [jvm.dll+0x7389ed]
V  [jvm.dll+0x634c82]
C  [ucrtbase.DLL+0x1d885]
C  [kernel32.dll+0x1556d]
C  [ntdll.dll+0x5372d]


siginfo: EXCEPTION_ACCESS_VIOLATION (0xc0000005), reading address 0x00000b17cdd5c028


Register to memory mapping:

RIP=0x00000000779ea365 ntdll.dll
RAX=0x0000000200000001 is an unknown value
RBX=0x00000b17cdd5c020 is an unknown value
RCX=0x000000ffffffffff is an unknown value
RDX=0x0 is NULL
RSP=0x0000000025c9ec10 is pointing into the stack for thread: 0x0000000025493000
RBP=0x0000000026d77aa0 points into unknown readable memory: 70 75 74 00 04 00 00 00
RSI=0x0 is NULL
RDI=0x0 is NULL
R8 =0x0000000026d77a90 points into unknown readable memory: 00 00 00 00 08 00 00 00
R9 =0x0000000000000003 is an unknown value
R10=0x000000000000002d is an unknown value
R11=0x0000000000000003 is an unknown value
R12=0x00000000002c0000 points into unknown readable memory: 00 00 00 00 00 00 00 00
R13=0x00000000254843c0 points into unknown readable memory: 6a 61 76 61 2e 75 74 69
R14=0x000000002543d920 points into unknown readable memory: 06 00 00 00 00 00 00 00
R15=0x0000000025c9f1d0 is pointing into the stack for thread: 0x0000000025493000


Registers:
RAX=0x0000000200000001, RBX=0x00000b17cdd5c020, RCX=0x000000ffffffffff, RDX=0x0000000000000000
RSP=0x0000000025c9ec10, RBP=0x0000000026d77aa0, RSI=0x0000000000000000, RDI=0x0000000000000000
R8 =0x0000000026d77a90, R9 =0x0000000000000003, R10=0x000000000000002d, R11=0x0000000000000003
R12=0x00000000002c0000, R13=0x00000000254843c0, R14=0x000000002543d920, R15=0x0000000025c9f1d0
RIP=0x00000000779ea365, EFLAGS=0x0000000000010202

Top of Stack: (sp=0x0000000025c9ec10)
0x0000000025c9ec10:   0000000000000000 000007feddda76ab
0x0000000025c9ec20:   00000000254843c0 000000000acebf80
0x0000000025c9ec30:   00000000254843c0 000000002644adf0
0x0000000025c9ec40:   0000000000000000 000000002644adf8
0x0000000025c9ec50:   0000000025c9f1d0 000000002543d920
0x0000000025c9ec60:   0000000025484390 00000000254843c0
0x0000000025c9ec70:   00000000240fdd28 0000000023ceb750
0x0000000025c9ec80:   0000000026d77aa0 000007fee60ed00b
0x0000000025c9ec90:   0000000800035f30 00000000254843c0
0x0000000025c9eca0:   0000000025c9f1d0 00000000254843c0
0x0000000025c9ecb0:   00000000240fdd28 000007fedde8384c
0x0000000025c9ecc0:   000000002543d920 000007fe00000000
0x0000000025c9ecd0:   0000000026d77aa0 0000000025c9ec50
0x0000000025c9ece0:   0000000025484778 00000000254843a0
0x0000000025c9ecf0:   0000000025493000 00000000000003d8
0x0000000025c9ed00:   0000000025484390 00000000240fdd28 

Instructions: (pc=0x00000000779ea365)
0x00000000779ea345:   ff ff 00 00 00 49 33 dc 48 23 c1 48 c1 eb 04 48
0x00000000779ea355:   33 d8 48 33 1d 3a 32 10 00 48 c1 e3 04 0f 0d 0b
0x00000000779ea365:   48 8b 7b 08 49 bd 01 00 00 00 01 00 00 00 49 be
0x00000000779ea375:   ff 7f 00 00 ff ff ff ff 41 c6 40 0f 80 41 88 70 


Stack slot to memory mapping:
stack at sp + 0 slots: 0x0 is NULL
stack at sp + 1 slots: 0x000007feddda76ab jvm.dll
stack at sp + 2 slots: 0x00000000254843c0 points into unknown readable memory: 6a 61 76 61 2e 75 74 69
stack at sp + 3 slots: 0x000000000acebf80 is at code_begin+524288 in 
[CodeBlob (0x000000000ac6bf10)]
Framesize: 0
BufferBlob (0x000000000ac6bf10) used for C1 temporary CodeBuffer
stack at sp + 4 slots: 0x00000000254843c0 points into unknown readable memory: 6a 61 76 61 2e 75 74 69
stack at sp + 5 slots: 0x000000002644adf0 points into unknown readable memory: 00 00 00 00 02 00 00 00
stack at sp + 6 slots: 0x0 is NULL
stack at sp + 7 slots: 0x000000002644adf8 points into unknown readable memory: 00 00 00 00 00 00 00 00


---------------  P R O C E S S  ---------------

Threads class SMR info:
_java_thread_list=0x0000000026e45af0, length=15, elements={
0x0000000000351000, 0x0000000023e3f000, 0x0000000023e48800, 0x0000000023e50000,
0x0000000023e53000, 0x0000000023e56800, 0x0000000023e5b800, 0x0000000025482800,
0x0000000025490000, 0x0000000025493000, 0x0000000025550800, 0x0000000026d73800,
0x0000000026d8c000, 0x0000000026dc8800, 0x0000000026e55000
}

Java Threads: ( => current thread )
  0x0000000000351000 JavaThread "main" [_thread_blocked, id=6780, stack(0x0000000002260000,0x0000000002360000)]
  0x0000000023e3f000 JavaThread "Reference Handler" daemon [_thread_blocked, id=7188, stack(0x00000000249c0000,0x0000000024ac0000)]
  0x0000000023e48800 JavaThread "Finalizer" daemon [_thread_blocked, id=5708, stack(0x0000000024b50000,0x0000000024c50000)]
  0x0000000023e50000 JavaThread "Signal Dispatcher" daemon [_thread_blocked, id=4824, stack(0x0000000024e30000,0x0000000024f30000)]
  0x0000000023e53000 JavaThread "Attach Listener" daemon [_thread_blocked, id=7220, stack(0x0000000024cf0000,0x0000000024df0000)]
  0x0000000023e56800 JavaThread "C1 CompilerThread0" daemon [_thread_in_vm, id=3036, stack(0x0000000025030000,0x0000000025130000)]
  0x0000000023e5b800 JavaThread "Sweeper thread" daemon [_thread_blocked, id=8680, stack(0x00000000251e0000,0x00000000252e0000)]
  0x0000000025482800 JavaThread "Common-Cleaner" daemon [_thread_blocked, id=7344, stack(0x0000000025810000,0x0000000025910000)]
  0x0000000025490000 JavaThread "C1 CompilerThread1" daemon [_thread_in_vm, id=8212, stack(0x0000000025950000,0x0000000025a50000)]
=>0x0000000025493000 JavaThread "C1 CompilerThread2" daemon [_thread_in_vm, id=5972, stack(0x0000000025ba0000,0x0000000025ca0000)]
  0x0000000025550800 JavaThread "Service Thread" daemon [_thread_blocked, id=8728, stack(0x0000000025d80000,0x0000000025e80000)]
  0x0000000026d73800 JavaThread "RMI TCP Accept-0" daemon [_thread_in_native, id=7452, stack(0x0000000025ed0000,0x0000000025fd0000)]
  0x0000000026d8c000 JavaThread "RMI TCP Accept-63443" daemon [_thread_in_native, id=7684, stack(0x0000000027fe0000,0x00000000280e0000)]
  0x0000000026dc8800 JavaThread "RMI TCP Accept-0" daemon [_thread_in_native, id=7216, stack(0x0000000028520000,0x0000000028620000)]
  0x0000000026e55000 JavaThread "RMI TCP Connection(idle)" daemon [_thread_blocked, id=5528, stack(0x0000000028410000,0x0000000028510000)]

Other Threads:
  0x0000000023dfc000 VMThread "VM Thread" [stack: 0x0000000024820000,0x0000000024920000] [id=5672]
  0x0000000026dd3000 WatcherThread [stack: 0x0000000028730000,0x0000000028830000] [id=8376]
  0x000000000036a800 GCTaskThread "GC Thread#0" [stack: 0x0000000019dd0000,0x0000000019ed0000] [id=3452]
  0x000000002689d000 GCTaskThread "GC Thread#1" [stack: 0x0000000027880000,0x0000000027980000] [id=2304]
  0x00000000256dc000 GCTaskThread "GC Thread#2" [stack: 0x00000000279b0000,0x0000000027ab0000] [id=128]
  0x00000000256dc800 GCTaskThread "GC Thread#3" [stack: 0x0000000025a70000,0x0000000025b70000] [id=7804]
  0x00000000003b4000 ConcurrentGCThread "G1 Main Marker" [stack: 0x00000000212c0000,0x00000000213c0000] [id=6660]
  0x00000000003b5800 ConcurrentGCThread "G1 Conc#0" [stack: 0x00000000214c0000,0x00000000215c0000] [id=3972]
  0x000000002147b000 ConcurrentGCThread "G1 Refine#0" [stack: 0x0000000023ba0000,0x0000000023ca0000] [id=640]
  0x000000002147d000 ConcurrentGCThread "G1 Young RemSet Sampling" [stack: 0x0000000023a60000,0x0000000023b60000] [id=5956]

Threads with active compile tasks:
C1 CompilerThread01119   !   1       java.nio.DirectIntBufferU::get (29 bytes)
C1 CompilerThread11121       1       java.nio.ByteBuffer::<init> (45 bytes)
C1 CompilerThread21108       1       java.util.WeakHashMap::put (162 bytes)

VM state:synchronizing (normal execution)

VM Mutex/Monitor currently owned by a thread:  ([mutex/lock_event])
[0x000000000034dfd0] Threads_lock - owner thread: 0x0000000023dfc000

Heap address: 0x0000000740a00000, size: 3062 MB, Compressed Oops mode: Zero based, Oop shift amount: 3
Narrow klass base: 0x0000000800000000, Narrow klass shift: 0
Compressed class space size: 1073741824 Address: 0x0000000800000000

Heap:
 garbage-first heap   total 196608K, used 24069K [0x0000000740a00000, 0x0000000800000000)
  region size 1024K, 10 young (10240K), 2 survivors (2048K)
 Metaspace       used 12982K, capacity 13365K, committed 13568K, reserved 1060864K
  class space    used 1362K, capacity 1502K, committed 1536K, reserved 1048576K
Heap Regions: E=young(eden), S=young(survivor), O=old, HS=humongous(starts), HC=humongous(continues), CS=collection set, F=free, A=archive, TAMS=top-at-mark-start (previous, next)
|   0|0x0000000740a00000, 0x0000000740b00000, 0x0000000740b00000|100%|HS|  |TAMS 0x0000000740a00000, 0x0000000740a00000| Complete 
|   1|0x0000000740b00000, 0x0000000740c00000, 0x0000000740c00000|100%| O|  |TAMS 0x0000000740b00000, 0x0000000740b00000| Untracked 
|   2|0x0000000740c00000, 0x0000000740d00000, 0x0000000740d00000|100%| O|  |TAMS 0x0000000740c00000, 0x0000000740c00000| Untracked 
|   3|0x0000000740d00000, 0x0000000740e00000, 0x0000000740e00000|100%| O|  |TAMS 0x0000000740d00000, 0x0000000740d00000| Untracked 
|   4|0x0000000740e00000, 0x0000000740f00000, 0x0000000740f00000|100%| O|  |TAMS 0x0000000740e00000, 0x0000000740e00000| Untracked 
|   5|0x0000000740f00000, 0x0000000741000000, 0x0000000741000000|100%| O|  |TAMS 0x0000000740f00000, 0x0000000740f00000| Untracked 
|   6|0x0000000741000000, 0x0000000741100000, 0x0000000741100000|100%| O|  |TAMS 0x0000000741000000, 0x0000000741000000| Untracked 
|   7|0x0000000741100000, 0x0000000741200000, 0x0000000741200000|100%| O|  |TAMS 0x0000000741100000, 0x0000000741100000| Untracked 
|   8|0x0000000741200000, 0x0000000741300000, 0x0000000741300000|100%| O|  |TAMS 0x0000000741200000, 0x0000000741200000| Untracked 
|   9|0x0000000741300000, 0x0000000741400000, 0x0000000741400000|100%| O|  |TAMS 0x0000000741300000, 0x0000000741300000| Untracked 
|  10|0x0000000741400000, 0x0000000741500000, 0x0000000741500000|100%| O|  |TAMS 0x0000000741400000, 0x0000000741400000| Untracked 
|  11|0x0000000741500000, 0x0000000741600000, 0x0000000741600000|100%| O|  |TAMS 0x0000000741500000, 0x0000000741500000| Untracked 
|  12|0x0000000741600000, 0x0000000741700000, 0x0000000741700000|100%| O|  |TAMS 0x0000000741600000, 0x0000000741600000| Untracked 
|  13|0x0000000741700000, 0x0000000741800000, 0x0000000741800000|100%| O|  |TAMS 0x0000000741700000, 0x0000000741700000| Untracked 
|  14|0x0000000741800000, 0x0000000741900000, 0x0000000741900000|100%| O|  |TAMS 0x0000000741800000, 0x0000000741800000| Untracked 
|  15|0x0000000741900000, 0x0000000741981408, 0x0000000741a00000| 50%| O|  |TAMS 0x0000000741900000, 0x0000000741900000| Untracked 
|  16|0x0000000741a00000, 0x0000000741a00000, 0x0000000741b00000|  0%| F|  |TAMS 0x0000000741a00000, 0x0000000741a00000| Untracked 
|  17|0x0000000741b00000, 0x0000000741b00000, 0x0000000741c00000|  0%| F|  |TAMS 0x0000000741b00000, 0x0000000741b00000| Untracked 
|  18|0x0000000741c00000, 0x0000000741c00000, 0x0000000741d00000|  0%| F|  |TAMS 0x0000000741c00000, 0x0000000741c00000| Untracked 
|  19|0x0000000741d00000, 0x0000000741d00000, 0x0000000741e00000|  0%| F|  |TAMS 0x0000000741d00000, 0x0000000741d00000| Untracked 
|  20|0x0000000741e00000, 0x0000000741e00000, 0x0000000741f00000|  0%| F|  |TAMS 0x0000000741e00000, 0x0000000741e00000| Untracked 
|  21|0x0000000741f00000, 0x0000000741f00000, 0x0000000742000000|  0%| F|  |TAMS 0x0000000741f00000, 0x0000000741f00000| Untracked 
|  22|0x0000000742000000, 0x0000000742000000, 0x0000000742100000|  0%| F|  |TAMS 0x0000000742000000, 0x0000000742000000| Untracked 
|  23|0x0000000742100000, 0x0000000742100000, 0x0000000742200000|  0%| F|  |TAMS 0x0000000742100000, 0x0000000742100000| Untracked 
|  24|0x0000000742200000, 0x0000000742200000, 0x0000000742300000|  0%| F|  |TAMS 0x0000000742200000, 0x0000000742200000| Untracked 
|  25|0x0000000742300000, 0x0000000742300000, 0x0000000742400000|  0%| F|  |TAMS 0x0000000742300000, 0x0000000742300000| Untracked 
|  26|0x0000000742400000, 0x0000000742400000, 0x0000000742500000|  0%| F|  |TAMS 0x0000000742400000, 0x0000000742400000| Untracked 
|  27|0x0000000742500000, 0x0000000742500000, 0x0000000742600000|  0%| F|  |TAMS 0x0000000742500000, 0x0000000742500000| Untracked 
|  28|0x0000000742600000, 0x0000000742600000, 0x0000000742700000|  0%| F|  |TAMS 0x0000000742600000, 0x0000000742600000| Untracked 
|  29|0x0000000742700000, 0x0000000742700000, 0x0000000742800000|  0%| F|  |TAMS 0x0000000742700000, 0x0000000742700000| Untracked 
|  30|0x0000000742800000, 0x0000000742800000, 0x0000000742900000|  0%| F|  |TAMS 0x0000000742800000, 0x0000000742800000| Untracked 
|  31|0x0000000742900000, 0x0000000742900000, 0x0000000742a00000|  0%| F|  |TAMS 0x0000000742900000, 0x0000000742900000| Untracked 
|  32|0x0000000742a00000, 0x0000000742a00000, 0x0000000742b00000|  0%| F|  |TAMS 0x0000000742a00000, 0x0000000742a00000| Untracked 
|  33|0x0000000742b00000, 0x0000000742b00000, 0x0000000742c00000|  0%| F|  |TAMS 0x0000000742b00000, 0x0000000742b00000| Untracked 
|  34|0x0000000742c00000, 0x0000000742c00000, 0x0000000742d00000|  0%| F|  |TAMS 0x0000000742c00000, 0x0000000742c00000| Untracked 
|  35|0x0000000742d00000, 0x0000000742d00000, 0x0000000742e00000|  0%| F|  |TAMS 0x0000000742d00000, 0x0000000742d00000| Untracked 
|  36|0x0000000742e00000, 0x0000000742e00000, 0x0000000742f00000|  0%| F|  |TAMS 0x0000000742e00000, 0x0000000742e00000| Untracked 
|  37|0x0000000742f00000, 0x0000000742f00000, 0x0000000743000000|  0%| F|  |TAMS 0x0000000742f00000, 0x0000000742f00000| Untracked 
|  38|0x0000000743000000, 0x0000000743000000, 0x0000000743100000|  0%| F|  |TAMS 0x0000000743000000, 0x0000000743000000| Untracked 
|  39|0x0000000743100000, 0x0000000743100000, 0x0000000743200000|  0%| F|  |TAMS 0x0000000743100000, 0x0000000743100000| Untracked 
|  40|0x0000000743200000, 0x0000000743200000, 0x0000000743300000|  0%| F|  |TAMS 0x0000000743200000, 0x0000000743200000| Untracked 
|  41|0x0000000743300000, 0x0000000743300000, 0x0000000743400000|  0%| F|  |TAMS 0x0000000743300000, 0x0000000743300000| Untracked 
|  42|0x0000000743400000, 0x0000000743400000, 0x0000000743500000|  0%| F|  |TAMS 0x0000000743400000, 0x0000000743400000| Untracked 
|  43|0x0000000743500000, 0x0000000743500000, 0x0000000743600000|  0%| F|  |TAMS 0x0000000743500000, 0x0000000743500000| Untracked 
|  44|0x0000000743600000, 0x0000000743600000, 0x0000000743700000|  0%| F|  |TAMS 0x0000000743600000, 0x0000000743600000| Untracked 
|  45|0x0000000743700000, 0x0000000743700000, 0x0000000743800000|  0%| F|  |TAMS 0x0000000743700000, 0x0000000743700000| Untracked 
|  46|0x0000000743800000, 0x0000000743800000, 0x0000000743900000|  0%| F|  |TAMS 0x0000000743800000, 0x0000000743800000| Untracked 
|  47|0x0000000743900000, 0x0000000743900000, 0x0000000743a00000|  0%| F|  |TAMS 0x0000000743900000, 0x0000000743900000| Untracked 
|  48|0x0000000743a00000, 0x0000000743a00000, 0x0000000743b00000|  0%| F|  |TAMS 0x0000000743a00000, 0x0000000743a00000| Untracked 
|  49|0x0000000743b00000, 0x0000000743b00000, 0x0000000743c00000|  0%| F|  |TAMS 0x0000000743b00000, 0x0000000743b00000| Untracked 
|  50|0x0000000743c00000, 0x0000000743c00000, 0x0000000743d00000|  0%| F|  |TAMS 0x0000000743c00000, 0x0000000743c00000| Untracked 
|  51|0x0000000743d00000, 0x0000000743d00000, 0x0000000743e00000|  0%| F|  |TAMS 0x0000000743d00000, 0x0000000743d00000| Untracked 
|  52|0x0000000743e00000, 0x0000000743e00000, 0x0000000743f00000|  0%| F|  |TAMS 0x0000000743e00000, 0x0000000743e00000| Untracked 
|  53|0x0000000743f00000, 0x0000000743f00000, 0x0000000744000000|  0%| F|  |TAMS 0x0000000743f00000, 0x0000000743f00000| Untracked 
|  54|0x0000000744000000, 0x0000000744000000, 0x0000000744100000|  0%| F|  |TAMS 0x0000000744000000, 0x0000000744000000| Untracked 
|  55|0x0000000744100000, 0x0000000744100000, 0x0000000744200000|  0%| F|  |TAMS 0x0000000744100000, 0x0000000744100000| Untracked 
|  56|0x0000000744200000, 0x0000000744200000, 0x0000000744300000|  0%| F|  |TAMS 0x0000000744200000, 0x0000000744200000| Untracked 
|  57|0x0000000744300000, 0x0000000744300000, 0x0000000744400000|  0%| F|  |TAMS 0x0000000744300000, 0x0000000744300000| Untracked 
|  58|0x0000000744400000, 0x0000000744400000, 0x0000000744500000|  0%| F|  |TAMS 0x0000000744400000, 0x0000000744400000| Untracked 
|  59|0x0000000744500000, 0x0000000744500000, 0x0000000744600000|  0%| F|  |TAMS 0x0000000744500000, 0x0000000744500000| Untracked 
|  60|0x0000000744600000, 0x0000000744600000, 0x0000000744700000|  0%| F|  |TAMS 0x0000000744600000, 0x0000000744600000| Untracked 
|  61|0x0000000744700000, 0x0000000744700000, 0x0000000744800000|  0%| F|  |TAMS 0x0000000744700000, 0x0000000744700000| Untracked 
|  62|0x0000000744800000, 0x0000000744800000, 0x0000000744900000|  0%| F|  |TAMS 0x0000000744800000, 0x0000000744800000| Untracked 
|  63|0x0000000744900000, 0x0000000744900000, 0x0000000744a00000|  0%| F|  |TAMS 0x0000000744900000, 0x0000000744900000| Untracked 
|  64|0x0000000744a00000, 0x0000000744a00000, 0x0000000744b00000|  0%| F|  |TAMS 0x0000000744a00000, 0x0000000744a00000| Untracked 
|  65|0x0000000744b00000, 0x0000000744b00000, 0x0000000744c00000|  0%| F|  |TAMS 0x0000000744b00000, 0x0000000744b00000| Untracked 
|  66|0x0000000744c00000, 0x0000000744c00000, 0x0000000744d00000|  0%| F|  |TAMS 0x0000000744c00000, 0x0000000744c00000| Untracked 
|  67|0x0000000744d00000, 0x0000000744d00000, 0x0000000744e00000|  0%| F|  |TAMS 0x0000000744d00000, 0x0000000744d00000| Untracked 
|  68|0x0000000744e00000, 0x0000000744e00000, 0x0000000744f00000|  0%| F|  |TAMS 0x0000000744e00000, 0x0000000744e00000| Untracked 
|  69|0x0000000744f00000, 0x0000000744f00000, 0x0000000745000000|  0%| F|  |TAMS 0x0000000744f00000, 0x0000000744f00000| Untracked 
|  70|0x0000000745000000, 0x0000000745000000, 0x0000000745100000|  0%| F|  |TAMS 0x0000000745000000, 0x0000000745000000| Untracked 
|  71|0x0000000745100000, 0x0000000745100000, 0x0000000745200000|  0%| F|  |TAMS 0x0000000745100000, 0x0000000745100000| Untracked 
|  72|0x0000000745200000, 0x0000000745200000, 0x0000000745300000|  0%| F|  |TAMS 0x0000000745200000, 0x0000000745200000| Untracked 
|  73|0x0000000745300000, 0x0000000745300000, 0x0000000745400000|  0%| F|  |TAMS 0x0000000745300000, 0x0000000745300000| Untracked 
|  74|0x0000000745400000, 0x0000000745400000, 0x0000000745500000|  0%| F|  |TAMS 0x0000000745400000, 0x0000000745400000| Untracked 
|  75|0x0000000745500000, 0x0000000745500000, 0x0000000745600000|  0%| F|  |TAMS 0x0000000745500000, 0x0000000745500000| Untracked 
|  76|0x0000000745600000, 0x0000000745600000, 0x0000000745700000|  0%| F|  |TAMS 0x0000000745600000, 0x0000000745600000| Untracked 
|  77|0x0000000745700000, 0x0000000745700000, 0x0000000745800000|  0%| F|  |TAMS 0x0000000745700000, 0x0000000745700000| Untracked 
|  78|0x0000000745800000, 0x0000000745800000, 0x0000000745900000|  0%| F|  |TAMS 0x0000000745800000, 0x0000000745800000| Untracked 
|  79|0x0000000745900000, 0x0000000745900000, 0x0000000745a00000|  0%| F|  |TAMS 0x0000000745900000, 0x0000000745900000| Untracked 
|  80|0x0000000745a00000, 0x0000000745a00000, 0x0000000745b00000|  0%| F|  |TAMS 0x0000000745a00000, 0x0000000745a00000| Untracked 
|  81|0x0000000745b00000, 0x0000000745b00000, 0x0000000745c00000|  0%| F|  |TAMS 0x0000000745b00000, 0x0000000745b00000| Untracked 
|  82|0x0000000745c00000, 0x0000000745c00000, 0x0000000745d00000|  0%| F|  |TAMS 0x0000000745c00000, 0x0000000745c00000| Untracked 
|  83|0x0000000745d00000, 0x0000000745d00000, 0x0000000745e00000|  0%| F|  |TAMS 0x0000000745d00000, 0x0000000745d00000| Untracked 
|  84|0x0000000745e00000, 0x0000000745e00000, 0x0000000745f00000|  0%| F|  |TAMS 0x0000000745e00000, 0x0000000745e00000| Untracked 
|  85|0x0000000745f00000, 0x0000000745f00000, 0x0000000746000000|  0%| F|  |TAMS 0x0000000745f00000, 0x0000000745f00000| Untracked 
|  86|0x0000000746000000, 0x0000000746000000, 0x0000000746100000|  0%| F|  |TAMS 0x0000000746000000, 0x0000000746000000| Untracked 
|  87|0x0000000746100000, 0x0000000746100000, 0x0000000746200000|  0%| F|  |TAMS 0x0000000746100000, 0x0000000746100000| Untracked 
|  88|0x0000000746200000, 0x0000000746200000, 0x0000000746300000|  0%| F|  |TAMS 0x0000000746200000, 0x0000000746200000| Untracked 
|  89|0x0000000746300000, 0x0000000746300000, 0x0000000746400000|  0%| F|  |TAMS 0x0000000746300000, 0x0000000746300000| Untracked 
|  90|0x0000000746400000, 0x0000000746400000, 0x0000000746500000|  0%| F|  |TAMS 0x0000000746400000, 0x0000000746400000| Untracked 
|  91|0x0000000746500000, 0x0000000746500000, 0x0000000746600000|  0%| F|  |TAMS 0x0000000746500000, 0x0000000746500000| Untracked 
|  92|0x0000000746600000, 0x0000000746600000, 0x0000000746700000|  0%| F|  |TAMS 0x0000000746600000, 0x0000000746600000| Untracked 
|  93|0x0000000746700000, 0x0000000746700000, 0x0000000746800000|  0%| F|  |TAMS 0x0000000746700000, 0x0000000746700000| Untracked 
|  94|0x0000000746800000, 0x0000000746800000, 0x0000000746900000|  0%| F|  |TAMS 0x0000000746800000, 0x0000000746800000| Untracked 
|  95|0x0000000746900000, 0x0000000746900000, 0x0000000746a00000|  0%| F|  |TAMS 0x0000000746900000, 0x0000000746900000| Untracked 
|  96|0x0000000746a00000, 0x0000000746a00000, 0x0000000746b00000|  0%| F|  |TAMS 0x0000000746a00000, 0x0000000746a00000| Untracked 
|  97|0x0000000746b00000, 0x0000000746b00000, 0x0000000746c00000|  0%| F|  |TAMS 0x0000000746b00000, 0x0000000746b00000| Untracked 
|  98|0x0000000746c00000, 0x0000000746c00000, 0x0000000746d00000|  0%| F|  |TAMS 0x0000000746c00000, 0x0000000746c00000| Untracked 
|  99|0x0000000746d00000, 0x0000000746d00000, 0x0000000746e00000|  0%| F|  |TAMS 0x0000000746d00000, 0x0000000746d00000| Untracked 
| 100|0x0000000746e00000, 0x0000000746e00000, 0x0000000746f00000|  0%| F|  |TAMS 0x0000000746e00000, 0x0000000746e00000| Untracked 
| 101|0x0000000746f00000, 0x0000000746f00000, 0x0000000747000000|  0%| F|  |TAMS 0x0000000746f00000, 0x0000000746f00000| Untracked 
| 102|0x0000000747000000, 0x0000000747000000, 0x0000000747100000|  0%| F|  |TAMS 0x0000000747000000, 0x0000000747000000| Untracked 
| 103|0x0000000747100000, 0x0000000747100000, 0x0000000747200000|  0%| F|  |TAMS 0x0000000747100000, 0x0000000747100000| Untracked 
| 104|0x0000000747200000, 0x0000000747200000, 0x0000000747300000|  0%| F|  |TAMS 0x0000000747200000, 0x0000000747200000| Untracked 
| 105|0x0000000747300000, 0x0000000747300000, 0x0000000747400000|  0%| F|  |TAMS 0x0000000747300000, 0x0000000747300000| Untracked 
| 106|0x0000000747400000, 0x0000000747400000, 0x0000000747500000|  0%| F|  |TAMS 0x0000000747400000, 0x0000000747400000| Untracked 
| 107|0x0000000747500000, 0x0000000747500000, 0x0000000747600000|  0%| F|  |TAMS 0x0000000747500000, 0x0000000747500000| Untracked 
| 108|0x0000000747600000, 0x0000000747600000, 0x0000000747700000|  0%| F|  |TAMS 0x0000000747600000, 0x0000000747600000| Untracked 
| 109|0x0000000747700000, 0x0000000747700000, 0x0000000747800000|  0%| F|  |TAMS 0x0000000747700000, 0x0000000747700000| Untracked 
| 110|0x0000000747800000, 0x0000000747800000, 0x0000000747900000|  0%| F|  |TAMS 0x0000000747800000, 0x0000000747800000| Untracked 
| 111|0x0000000747900000, 0x0000000747900000, 0x0000000747a00000|  0%| F|  |TAMS 0x0000000747900000, 0x0000000747900000| Untracked 
| 112|0x0000000747a00000, 0x0000000747a00000, 0x0000000747b00000|  0%| F|  |TAMS 0x0000000747a00000, 0x0000000747a00000| Untracked 
| 113|0x0000000747b00000, 0x0000000747b00000, 0x0000000747c00000|  0%| F|  |TAMS 0x0000000747b00000, 0x0000000747b00000| Untracked 
| 114|0x0000000747c00000, 0x0000000747c00000, 0x0000000747d00000|  0%| F|  |TAMS 0x0000000747c00000, 0x0000000747c00000| Untracked 
| 115|0x0000000747d00000, 0x0000000747d00000, 0x0000000747e00000|  0%| F|  |TAMS 0x0000000747d00000, 0x0000000747d00000| Untracked 
| 116|0x0000000747e00000, 0x0000000747e00000, 0x0000000747f00000|  0%| F|  |TAMS 0x0000000747e00000, 0x0000000747e00000| Untracked 
| 117|0x0000000747f00000, 0x0000000747f00000, 0x0000000748000000|  0%| F|  |TAMS 0x0000000747f00000, 0x0000000747f00000| Untracked 
| 118|0x0000000748000000, 0x0000000748000000, 0x0000000748100000|  0%| F|  |TAMS 0x0000000748000000, 0x0000000748000000| Untracked 
| 119|0x0000000748100000, 0x0000000748100000, 0x0000000748200000|  0%| F|  |TAMS 0x0000000748100000, 0x0000000748100000| Untracked 
| 120|0x0000000748200000, 0x0000000748200000, 0x0000000748300000|  0%| F|  |TAMS 0x0000000748200000, 0x0000000748200000| Untracked 
| 121|0x0000000748300000, 0x0000000748300000, 0x0000000748400000|  0%| F|  |TAMS 0x0000000748300000, 0x0000000748300000| Untracked 
| 122|0x0000000748400000, 0x0000000748400000, 0x0000000748500000|  0%| F|  |TAMS 0x0000000748400000, 0x0000000748400000| Untracked 
| 123|0x0000000748500000, 0x0000000748500000, 0x0000000748600000|  0%| F|  |TAMS 0x0000000748500000, 0x0000000748500000| Untracked 
| 124|0x0000000748600000, 0x0000000748600000, 0x0000000748700000|  0%| F|  |TAMS 0x0000000748600000, 0x0000000748600000| Untracked 
| 125|0x0000000748700000, 0x0000000748700000, 0x0000000748800000|  0%| F|  |TAMS 0x0000000748700000, 0x0000000748700000| Untracked 
| 126|0x0000000748800000, 0x0000000748800000, 0x0000000748900000|  0%| F|  |TAMS 0x0000000748800000, 0x0000000748800000| Untracked 
| 127|0x0000000748900000, 0x0000000748900000, 0x0000000748a00000|  0%| F|  |TAMS 0x0000000748900000, 0x0000000748900000| Untracked 
| 128|0x0000000748a00000, 0x0000000748a00000, 0x0000000748b00000|  0%| F|  |TAMS 0x0000000748a00000, 0x0000000748a00000| Untracked 
| 129|0x0000000748b00000, 0x0000000748b00000, 0x0000000748c00000|  0%| F|  |TAMS 0x0000000748b00000, 0x0000000748b00000| Untracked 
| 130|0x0000000748c00000, 0x0000000748c00000, 0x0000000748d00000|  0%| F|  |TAMS 0x0000000748c00000, 0x0000000748c00000| Untracked 
| 131|0x0000000748d00000, 0x0000000748d00000, 0x0000000748e00000|  0%| F|  |TAMS 0x0000000748d00000, 0x0000000748d00000| Untracked 
| 132|0x0000000748e00000, 0x0000000748e00000, 0x0000000748f00000|  0%| F|  |TAMS 0x0000000748e00000, 0x0000000748e00000| Untracked 
| 133|0x0000000748f00000, 0x0000000748f00000, 0x0000000749000000|  0%| F|  |TAMS 0x0000000748f00000, 0x0000000748f00000| Untracked 
| 134|0x0000000749000000, 0x0000000749000000, 0x0000000749100000|  0%| F|  |TAMS 0x0000000749000000, 0x0000000749000000| Untracked 
| 135|0x0000000749100000, 0x0000000749100000, 0x0000000749200000|  0%| F|  |TAMS 0x0000000749100000, 0x0000000749100000| Untracked 
| 136|0x0000000749200000, 0x0000000749200000, 0x0000000749300000|  0%| F|  |TAMS 0x0000000749200000, 0x0000000749200000| Untracked 
| 137|0x0000000749300000, 0x0000000749300000, 0x0000000749400000|  0%| F|  |TAMS 0x0000000749300000, 0x0000000749300000| Untracked 
| 138|0x0000000749400000, 0x0000000749400000, 0x0000000749500000|  0%| F|  |TAMS 0x0000000749400000, 0x0000000749400000| Untracked 
| 139|0x0000000749500000, 0x0000000749500000, 0x0000000749600000|  0%| F|  |TAMS 0x0000000749500000, 0x0000000749500000| Untracked 
| 140|0x0000000749600000, 0x0000000749600000, 0x0000000749700000|  0%| F|  |TAMS 0x0000000749600000, 0x0000000749600000| Untracked 
| 141|0x0000000749700000, 0x0000000749700000, 0x0000000749800000|  0%| F|  |TAMS 0x0000000749700000, 0x0000000749700000| Untracked 
| 142|0x0000000749800000, 0x0000000749800000, 0x0000000749900000|  0%| F|  |TAMS 0x0000000749800000, 0x0000000749800000| Untracked 
| 143|0x0000000749900000, 0x0000000749900000, 0x0000000749a00000|  0%| F|  |TAMS 0x0000000749900000, 0x0000000749900000| Untracked 
| 144|0x0000000749a00000, 0x0000000749a00000, 0x0000000749b00000|  0%| F|  |TAMS 0x0000000749a00000, 0x0000000749a00000| Untracked 
| 145|0x0000000749b00000, 0x0000000749b00000, 0x0000000749c00000|  0%| F|  |TAMS 0x0000000749b00000, 0x0000000749b00000| Untracked 
| 146|0x0000000749c00000, 0x0000000749c00000, 0x0000000749d00000|  0%| F|  |TAMS 0x0000000749c00000, 0x0000000749c00000| Untracked 
| 147|0x0000000749d00000, 0x0000000749d00000, 0x0000000749e00000|  0%| F|  |TAMS 0x0000000749d00000, 0x0000000749d00000| Untracked 
| 148|0x0000000749e00000, 0x0000000749e00000, 0x0000000749f00000|  0%| F|  |TAMS 0x0000000749e00000, 0x0000000749e00000| Untracked 
| 149|0x0000000749f00000, 0x0000000749f00000, 0x000000074a000000|  0%| F|  |TAMS 0x0000000749f00000, 0x0000000749f00000| Untracked 
| 150|0x000000074a000000, 0x000000074a000000, 0x000000074a100000|  0%| F|  |TAMS 0x000000074a000000, 0x000000074a000000| Untracked 
| 151|0x000000074a100000, 0x000000074a100000, 0x000000074a200000|  0%| F|  |TAMS 0x000000074a100000, 0x000000074a100000| Untracked 
| 152|0x000000074a200000, 0x000000074a200000, 0x000000074a300000|  0%| F|  |TAMS 0x000000074a200000, 0x000000074a200000| Untracked 
| 153|0x000000074a300000, 0x000000074a300000, 0x000000074a400000|  0%| F|  |TAMS 0x000000074a300000, 0x000000074a300000| Untracked 
| 154|0x000000074a400000, 0x000000074a400000, 0x000000074a500000|  0%| F|  |TAMS 0x000000074a400000, 0x000000074a400000| Untracked 
| 155|0x000000074a500000, 0x000000074a500000, 0x000000074a600000|  0%| F|  |TAMS 0x000000074a500000, 0x000000074a500000| Untracked 
| 156|0x000000074a600000, 0x000000074a600000, 0x000000074a700000|  0%| F|  |TAMS 0x000000074a600000, 0x000000074a600000| Untracked 
| 157|0x000000074a700000, 0x000000074a700000, 0x000000074a800000|  0%| F|  |TAMS 0x000000074a700000, 0x000000074a700000| Untracked 
| 158|0x000000074a800000, 0x000000074a800000, 0x000000074a900000|  0%| F|  |TAMS 0x000000074a800000, 0x000000074a800000| Untracked 
| 159|0x000000074a900000, 0x000000074a900000, 0x000000074aa00000|  0%| F|  |TAMS 0x000000074a900000, 0x000000074a900000| Untracked 
| 160|0x000000074aa00000, 0x000000074aa00000, 0x000000074ab00000|  0%| F|  |TAMS 0x000000074aa00000, 0x000000074aa00000| Untracked 
| 161|0x000000074ab00000, 0x000000074ab00000, 0x000000074ac00000|  0%| F|  |TAMS 0x000000074ab00000, 0x000000074ab00000| Untracked 
| 162|0x000000074ac00000, 0x000000074ac00000, 0x000000074ad00000|  0%| F|  |TAMS 0x000000074ac00000, 0x000000074ac00000| Untracked 
| 163|0x000000074ad00000, 0x000000074ad00000, 0x000000074ae00000|  0%| F|  |TAMS 0x000000074ad00000, 0x000000074ad00000| Untracked 
| 164|0x000000074ae00000, 0x000000074ae00000, 0x000000074af00000|  0%| F|  |TAMS 0x000000074ae00000, 0x000000074ae00000| Untracked 
| 165|0x000000074af00000, 0x000000074af00000, 0x000000074b000000|  0%| F|  |TAMS 0x000000074af00000, 0x000000074af00000| Untracked 
| 166|0x000000074b000000, 0x000000074b000000, 0x000000074b100000|  0%| F|  |TAMS 0x000000074b000000, 0x000000074b000000| Untracked 
| 167|0x000000074b100000, 0x000000074b100000, 0x000000074b200000|  0%| F|  |TAMS 0x000000074b100000, 0x000000074b100000| Untracked 
| 168|0x000000074b200000, 0x000000074b200000, 0x000000074b300000|  0%| F|  |TAMS 0x000000074b200000, 0x000000074b200000| Untracked 
| 169|0x000000074b300000, 0x000000074b300000, 0x000000074b400000|  0%| F|  |TAMS 0x000000074b300000, 0x000000074b300000| Untracked 
| 170|0x000000074b400000, 0x000000074b400000, 0x000000074b500000|  0%| F|  |TAMS 0x000000074b400000, 0x000000074b400000| Untracked 
| 171|0x000000074b500000, 0x000000074b500000, 0x000000074b600000|  0%| F|  |TAMS 0x000000074b500000, 0x000000074b500000| Untracked 
| 172|0x000000074b600000, 0x000000074b600000, 0x000000074b700000|  0%| F|  |TAMS 0x000000074b600000, 0x000000074b600000| Untracked 
| 173|0x000000074b700000, 0x000000074b700000, 0x000000074b800000|  0%| F|  |TAMS 0x000000074b700000, 0x000000074b700000| Untracked 
| 174|0x000000074b800000, 0x000000074b800000, 0x000000074b900000|  0%| F|  |TAMS 0x000000074b800000, 0x000000074b800000| Untracked 
| 175|0x000000074b900000, 0x000000074b900000, 0x000000074ba00000|  0%| F|  |TAMS 0x000000074b900000, 0x000000074b900000| Untracked 
| 176|0x000000074ba00000, 0x000000074ba00000, 0x000000074bb00000|  0%| F|  |TAMS 0x000000074ba00000, 0x000000074ba00000| Untracked 
| 177|0x000000074bb00000, 0x000000074bb00000, 0x000000074bc00000|  0%| F|  |TAMS 0x000000074bb00000, 0x000000074bb00000| Untracked 
| 178|0x000000074bc00000, 0x000000074bc00000, 0x000000074bd00000|  0%| F|  |TAMS 0x000000074bc00000, 0x000000074bc00000| Untracked 
| 179|0x000000074bd00000, 0x000000074bd00000, 0x000000074be00000|  0%| F|  |TAMS 0x000000074bd00000, 0x000000074bd00000| Untracked 
| 180|0x000000074be00000, 0x000000074be00000, 0x000000074bf00000|  0%| F|  |TAMS 0x000000074be00000, 0x000000074be00000| Untracked 
| 181|0x000000074bf00000, 0x000000074bf00000, 0x000000074c000000|  0%| F|  |TAMS 0x000000074bf00000, 0x000000074bf00000| Untracked 
| 182|0x000000074c000000, 0x000000074c100000, 0x000000074c100000|100%| S|CS|TAMS 0x000000074c000000, 0x000000074c000000| Complete 
| 183|0x000000074c100000, 0x000000074c200000, 0x000000074c200000|100%| S|CS|TAMS 0x000000074c100000, 0x000000074c100000| Complete 
| 184|0x000000074c200000, 0x000000074c2f9ff0, 0x000000074c300000| 97%| E|  |TAMS 0x000000074c200000, 0x000000074c200000| Complete 
| 185|0x000000074c300000, 0x000000074c400000, 0x000000074c400000|100%| E|CS|TAMS 0x000000074c300000, 0x000000074c300000| Complete 
| 186|0x000000074c400000, 0x000000074c500000, 0x000000074c500000|100%| E|CS|TAMS 0x000000074c400000, 0x000000074c400000| Complete 
| 187|0x000000074c500000, 0x000000074c600000, 0x000000074c600000|100%| E|  |TAMS 0x000000074c500000, 0x000000074c500000| Complete 
| 188|0x000000074c600000, 0x000000074c700000, 0x000000074c700000|100%| E|CS|TAMS 0x000000074c600000, 0x000000074c600000| Complete 
| 189|0x000000074c700000, 0x000000074c800000, 0x000000074c800000|100%| E|CS|TAMS 0x000000074c700000, 0x000000074c700000| Complete 
| 190|0x000000074c800000, 0x000000074c900000, 0x000000074c900000|100%| E|CS|TAMS 0x000000074c800000, 0x000000074c800000| Complete 
| 191|0x000000074c900000, 0x000000074ca00000, 0x000000074ca00000|100%| E|CS|TAMS 0x000000074c900000, 0x000000074c900000| Complete 

Card table byte_map: [0x000000001a6f0000,0x000000001acf0000] _byte_map_base: 0x0000000016ceb000

Marking Bits (Prev, Next): (CMBitMap*) 0x00000000003a7628, (CMBitMap*) 0x00000000003a7660
 Prev Bits: [0x000000001b2f0000, 0x000000001e2c8000)
 Next Bits: [0x000000001e2d0000, 0x00000000212a8000)

Polling page: 0x0000000000230000

Metaspace:

Usage:
  Non-class:     11.58 MB capacity,    11.35 MB ( 98%) used,   212.13 KB (  2%) free+waste,    30.63 KB ( <1%) overhead. 
      Class:      1.47 MB capacity,     1.33 MB ( 91%) used,   124.18 KB (  8%) free+waste,    15.13 KB (  1%) overhead. 
       Both:     13.05 MB capacity,    12.68 MB ( 97%) used,   336.31 KB (  3%) free+waste,    45.75 KB ( <1%) overhead. 

Virtual space:
  Non-class space:       12.00 MB reserved,      11.75 MB ( 98%) committed 
      Class space:        1.00 GB reserved,       1.50 MB ( <1%) committed 
             Both:        1.01 GB reserved,      13.25 MB (  1%) committed 

Chunk freelists:
   Non-Class:  5.13 KB
       Class:  256 bytes
        Both:  5.38 KB

CodeHeap 'non-profiled nmethods': size=238912Kb used=1571Kb max_used=1571Kb free=237340Kb
 bounds [0x000000000b190000, 0x000000000b400000, 0x0000000019ae0000]
CodeHeap 'non-nmethods': size=6848Kb used=2235Kb max_used=2235Kb free=4613Kb
 bounds [0x000000000aae0000, 0x000000000ad50000, 0x000000000b190000]
 total_blobs=1542 nmethods=1118 adapters=332
 compilation: enabled
              stopped_count=0, restarted_count=0
 full_count=0

Compilation events (10 events):
Event: 0.448 Thread 0x0000000025493000 nmethod 1098 0x000000000b310810 code [0x000000000b310a40, 0x000000000b310e80]
Event: 0.448 Thread 0x0000000025490000 nmethod 1097 0x000000000b311110 code [0x000000000b311360, 0x000000000b3118a0]
Event: 0.448 Thread 0x0000000023e56800 1101       1       java.lang.invoke.MethodHandles$Lookup::checkField (56 bytes)
Event: 0.448 Thread 0x0000000023e56800 nmethod 1101 0x000000000b311f90 code [0x000000000b312160, 0x000000000b312340]
Event: 0.449 Thread 0x0000000025493000 1105   !   1       java.util.concurrent.ConcurrentHashMap::computeIfAbsent (576 bytes)
Event: 0.450 Thread 0x0000000025493000 nmethod 1105 0x000000000b312810 code [0x000000000b312b40, 0x000000000b314270]
Event: 0.454 Thread 0x0000000025490000 1106       1       java.nio.charset.Charset::lookup (44 bytes)
Event: 0.454 Thread 0x0000000025490000 nmethod 1106 0x000000000b314f10 code [0x000000000b315100, 0x000000000b3153f0]
Event: 0.456 Thread 0x0000000023e56800 1107       1       java.util.jar.Attributes$Name::hashCode (5 bytes)
Event: 0.456 Thread 0x0000000023e56800 nmethod 1107 0x000000000b315590 code [0x000000000b315740, 0x000000000b315858]

GC Heap History (4 events):
Event: 0.229 GC heap before
{Heap before GC invocations=0 (full 0):
 garbage-first heap   total 196608K, used 14336K [0x0000000740a00000, 0x0000000800000000)
  region size 1024K, 14 young (14336K), 0 survivors (0K)
 Metaspace       used 6155K, capacity 6238K, committed 6528K, reserved 1056768K
  class space    used 546K, capacity 567K, committed 640K, reserved 1048576K
}
Event: 0.232 GC heap after
{Heap after GC invocations=1 (full 0):
 garbage-first heap   total 196608K, used 11311K [0x0000000740a00000, 0x0000000800000000)
  region size 1024K, 2 young (2048K), 2 survivors (2048K)
 Metaspace       used 6155K, capacity 6238K, committed 6528K, reserved 1056768K
  class space    used 546K, capacity 567K, committed 640K, reserved 1048576K
}
Event: 0.305 GC heap before
{Heap before GC invocations=1 (full 0):
 garbage-first heap   total 196608K, used 18479K [0x0000000740a00000, 0x0000000800000000)
  region size 1024K, 10 young (10240K), 2 survivors (2048K)
 Metaspace       used 8224K, capacity 8354K, committed 8576K, reserved 1056768K
  class space    used 799K, capacity 851K, committed 896K, reserved 1048576K
}
Event: 0.307 GC heap after
{Heap after GC invocations=2 (full 0):
 garbage-first heap   total 196608K, used 17925K [0x0000000740a00000, 0x0000000800000000)
  region size 1024K, 2 young (2048K), 2 survivors (2048K)
 Metaspace       used 8224K, capacity 8354K, committed 8576K, reserved 1056768K
  class space    used 799K, capacity 851K, committed 896K, reserved 1048576K
}

Deoptimization events (0 events):
No events

Classes redefined (0 events):
No events

Internal exceptions (10 events):
Event: 0.360 Thread 0x0000000000351000 Exception <a 'java/lang/NoSuchMethodError'{0x000000074c725d38}: java.lang.invoke.DirectMethodHandle$Holder.invokeSpecialIFC(Ljava/lang/Object;Ljava/lang/Object;Ljava/lang/Object;)I> (0x000000074c725d38) thrown at [t:/workspace/open/src/hotspot/share/inter
Event: 0.372 Thread 0x0000000000351000 Exception <a 'java/lang/NoSuchMethodError'{0x000000074c78ed28}: java.lang.invoke.DirectMethodHandle$Holder.invokeStatic(Ljava/lang/Object;IIII)Ljava/lang/Object;> (0x000000074c78ed28) thrown at [t:/workspace/open/src/hotspot/share/interpreter/linkResolver
Event: 0.373 Thread 0x0000000000351000 Exception <a 'java/lang/NoSuchMethodError'{0x000000074c791e40}: java.lang.invoke.DirectMethodHandle$Holder.invokeStaticInit(Ljava/lang/Object;IIII)Ljava/lang/Object;> (0x000000074c791e40) thrown at [t:/workspace/open/src/hotspot/share/interpreter/linkReso
Event: 0.411 Thread 0x0000000000351000 Exception <a 'java/lang/NoSuchMethodError'{0x000000074c666af8}: java.lang.invoke.DirectMethodHandle$Holder.invokeStatic(Ljava/lang/Object;Ljava/lang/Object;IIII)Ljava/lang/Object;> (0x000000074c666af8) thrown at [t:/workspace/open/src/hotspot/share/interp
Event: 0.412 Thread 0x0000000000351000 Exception <a 'java/lang/NoSuchMethodError'{0x000000074c669e40}: java.lang.invoke.DirectMethodHandle$Holder.invokeStaticInit(Ljava/lang/Object;Ljava/lang/Object;IIII)Ljava/lang/Object;> (0x000000074c669e40) thrown at [t:/workspace/open/src/hotspot/share/in
Event: 0.418 Thread 0x0000000000351000 Exception <a 'java/lang/ClassNotFoundException'{0x000000074c687658}: javax/management/remote/rmi/RMIServerImpl_Skel> (0x000000074c687658) thrown at [t:/workspace/open/src/hotspot/share/classfile/systemDictionary.cpp, line 231]
Event: 0.442 Thread 0x0000000000351000 Exception <a 'java/lang/ClassNotFoundException'{0x000000074c532bb0}: jdk/internal/agent/resources/spi/agentProvider> (0x000000074c532bb0) thrown at [t:/workspace/open/src/hotspot/share/classfile/systemDictionary.cpp, line 231]
Event: 0.447 Thread 0x0000000000351000 Exception <a 'java/lang/NoSuchMethodError'{0x000000074c588a10}: java.lang.invoke.DirectMethodHandle$Holder.invokeStatic(Ljava/lang/Object;Ljava/lang/Object;Ljava/lang/Object;Ljava/lang/Object;Ljava/lang/Object;Ljava/lang/Object;Ljava/lang/Object;Ljava/lan
Event: 0.447 Thread 0x0000000000351000 Exception <a 'java/lang/NoSuchMethodError'{0x000000074c595230}: java.lang.invoke.DirectMethodHandle$Holder.invokeStatic(Ljava/lang/Object;Ljava/lang/Object;Ljava/lang/Object;Ljava/lang/Object;Ljava/lang/Object;Ljava/lang/Object;Ljava/lang/Object;Ljava/lan
Event: 0.448 Thread 0x0000000000351000 Exception <a 'java/lang/NoSuchMethodError'{0x000000074c5aef68}: java.lang.invoke.DelegatingMethodHandle$Holder.reinvoke_L(Ljava/lang/Object;ILjava/lang/Object;)Ljava/lang/Object;> (0x000000074c5aef68) thrown at [t:/workspace/open/src/hotspot/share/interpr

Events (10 events):
Event: 0.454 loading class jdk/internal/loader/URLClassPath$JarLoader$2
Event: 0.454 loading class jdk/internal/loader/URLClassPath$JarLoader$2 done
Event: 0.455 loading class org/springframework/boot/SpringApplication
Event: 0.455 loading class org/springframework/boot/SpringApplication done
Event: 0.455 loading class org/apache/commons/logging/LogFactory
Event: 0.455 loading class org/apache/commons/logging/LogFactory done
Event: 0.456 loading class org/apache/commons/logging/LogAdapter
Event: 0.456 loading class org/apache/commons/logging/LogAdapter done
Event: 0.456 loading class org/apache/logging/log4j/spi/ExtendedLogger
Event: 0.456 loading class org/apache/logging/log4j/spi/ExtendedLogger done


Dynamic libraries:
0x000000013f9a0000 - 0x000000013f9e7000 	C:\Program Files\Java\jdk-11.0.4\bin\javaw.exe
0x00000000779c0000 - 0x0000000077b5f000 	C:\Windows\SYSTEM32\ntdll.dll
0x00000000777a0000 - 0x00000000778bf000 	C:\Windows\system32\kernel32.dll
0x000007fefd5e0000 - 0x000007fefd647000 	C:\Windows\system32\KERNELBASE.dll
0x000007fefe6c0000 - 0x000007fefe79b000 	C:\Windows\system32\ADVAPI32.dll
0x000007fefdc40000 - 0x000007fefdcdf000 	C:\Windows\system32\msvcrt.dll
0x000007fefe370000 - 0x000007fefe38f000 	C:\Windows\SYSTEM32\sechost.dll
0x000007fefed20000 - 0x000007fefee4c000 	C:\Windows\system32\RPCRT4.dll
0x00000000778c0000 - 0x00000000779bb000 	C:\Windows\system32\USER32.dll
0x000007fefe500000 - 0x000007fefe567000 	C:\Windows\system32\GDI32.dll
0x000007fefe3b0000 - 0x000007fefe3be000 	C:\Windows\system32\LPK.dll
0x000007fefebb0000 - 0x000007fefec7b000 	C:\Windows\system32\USP10.dll
0x000007fefc080000 - 0x000007fefc275000 	C:\Windows\WinSxS\amd64_microsoft.windows.common-controls_6595b64144ccf1df_6.0.7601.24483_none_e372d88f30fbb845\COMCTL32.dll
0x000007feffc30000 - 0x000007feffca1000 	C:\Windows\system32\SHLWAPI.dll
0x000007fefc5d0000 - 0x000007fefc5dc000 	C:\Windows\system32\VERSION.dll
0x000007fefe3c0000 - 0x000007fefe3ee000 	C:\Windows\system32\IMM32.DLL
0x000007fefe3f0000 - 0x000007fefe4fb000 	C:\Windows\system32\MSCTF.dll
0x000007fefc570000 - 0x000007fefc573000 	C:\Windows\system32\api-ms-win-core-synch-l1-2-0.DLL
0x000007feeefb0000 - 0x000007feeefc6000 	C:\Program Files\Java\jdk-11.0.4\bin\vcruntime140.dll
0x000007feefd20000 - 0x000007feefd24000 	C:\Program Files\Java\jdk-11.0.4\bin\api-ms-win-crt-runtime-l1-1-0.dll
0x000007fee60e0000 - 0x000007fee61d6000 	C:\Program Files\Java\jdk-11.0.4\bin\ucrtbase.DLL
0x000007fef0890000 - 0x000007fef0893000 	C:\Program Files\Java\jdk-11.0.4\bin\api-ms-win-core-localization-l1-2-0.dll
0x000007feeefa0000 - 0x000007feeefa3000 	C:\Program Files\Java\jdk-11.0.4\bin\api-ms-win-core-processthreads-l1-1-1.dll
0x000007feeeee0000 - 0x000007feeeee3000 	C:\Program Files\Java\jdk-11.0.4\bin\api-ms-win-core-file-l1-2-0.dll
0x000007feeeed0000 - 0x000007feeeed3000 	C:\Program Files\Java\jdk-11.0.4\bin\api-ms-win-core-timezone-l1-1-0.dll
0x000007feeeec0000 - 0x000007feeeec3000 	C:\Program Files\Java\jdk-11.0.4\bin\api-ms-win-core-file-l2-1-0.dll
0x000007feeed10000 - 0x000007feeed14000 	C:\Program Files\Java\jdk-11.0.4\bin\api-ms-win-crt-string-l1-1-0.dll
0x000007feeeb20000 - 0x000007feeeb23000 	C:\Program Files\Java\jdk-11.0.4\bin\api-ms-win-crt-heap-l1-1-0.dll
0x000007fee8e60000 - 0x000007fee8e64000 	C:\Program Files\Java\jdk-11.0.4\bin\api-ms-win-crt-stdio-l1-1-0.dll
0x000007fee8e40000 - 0x000007fee8e44000 	C:\Program Files\Java\jdk-11.0.4\bin\api-ms-win-crt-convert-l1-1-0.dll
0x000007fee6540000 - 0x000007fee65ea000 	C:\Program Files\Java\jdk-11.0.4\bin\msvcp140.dll
0x000007fee7cb0000 - 0x000007fee7cb3000 	C:\Program Files\Java\jdk-11.0.4\bin\api-ms-win-crt-locale-l1-1-0.dll
0x000007fee7bd0000 - 0x000007fee7bd5000 	C:\Program Files\Java\jdk-11.0.4\bin\api-ms-win-crt-math-l1-1-0.dll
0x000007fee7ba0000 - 0x000007fee7ba5000 	C:\Program Files\Java\jdk-11.0.4\bin\api-ms-win-crt-multibyte-l1-1-0.dll
0x000007fee7b90000 - 0x000007fee7b93000 	C:\Program Files\Java\jdk-11.0.4\bin\api-ms-win-crt-time-l1-1-0.dll
0x000007fee7890000 - 0x000007fee7893000 	C:\Program Files\Java\jdk-11.0.4\bin\api-ms-win-crt-filesystem-l1-1-0.dll
0x000007fee7200000 - 0x000007fee7203000 	C:\Program Files\Java\jdk-11.0.4\bin\api-ms-win-crt-environment-l1-1-0.dll
0x000007fee71f0000 - 0x000007fee71f3000 	C:\Program Files\Java\jdk-11.0.4\bin\api-ms-win-crt-utility-l1-1-0.dll
0x000007fedd780000 - 0x000007fede2a7000 	C:\Program Files\Java\jdk-11.0.4\bin\server\jvm.dll
0x000007feef2c0000 - 0x000007feef2c9000 	C:\Windows\system32\WSOCK32.dll
0x000007fefee50000 - 0x000007fefee9d000 	C:\Windows\system32\WS2_32.dll
0x000007fefe6b0000 - 0x000007fefe6b8000 	C:\Windows\system32\NSI.dll
0x000007fefb580000 - 0x000007fefb5bb000 	C:\Windows\system32\WINMM.dll
0x0000000077b60000 - 0x0000000077b67000 	C:\Windows\system32\PSAPI.DLL
0x000007fee69d0000 - 0x000007fee69e1000 	C:\Program Files\Java\jdk-11.0.4\bin\verify.dll
0x000007fef9ba0000 - 0x000007fef9cc5000 	C:\Windows\system32\DBGHELP.DLL
0x000007fee69a0000 - 0x000007fee69c9000 	C:\Program Files\Java\jdk-11.0.4\bin\java.dll
0x000007fee6d40000 - 0x000007fee6d56000 	C:\Program Files\Java\jdk-11.0.4\bin\zip.dll
0x000007fee71c0000 - 0x000007fee71ca000 	C:\Program Files\Java\jdk-11.0.4\bin\jimage.dll
0x000007fefeea0000 - 0x000007feffc2b000 	C:\Windows\system32\SHELL32.dll
0x000007fefe9b0000 - 0x000007fefebaf000 	C:\Windows\system32\ole32.dll
0x000007fefd510000 - 0x000007fefd51f000 	C:\Windows\system32\profapi.dll
0x000007fee6980000 - 0x000007fee6999000 	C:\Program Files\Java\jdk-11.0.4\bin\net.dll
0x000007fef9d50000 - 0x000007fef9dc1000 	C:\Windows\system32\WINHTTP.dll
0x000007fef9ce0000 - 0x000007fef9d45000 	C:\Windows\system32\webio.dll
0x000007fefe7a0000 - 0x000007fefe92a000 	C:\Windows\system32\urlmon.dll
0x000007fefd670000 - 0x000007fefd674000 	C:\Windows\system32\api-ms-win-downlevel-ole32-l1-1-0.dll
0x000007fefd890000 - 0x000007fefd894000 	C:\Windows\system32\api-ms-win-downlevel-shlwapi-l1-1-0.dll
0x000007fefd8a0000 - 0x000007fefd8a5000 	C:\Windows\system32\api-ms-win-downlevel-advapi32-l1-1-0.dll
0x000007fefd680000 - 0x000007fefd684000 	C:\Windows\system32\api-ms-win-downlevel-user32-l1-1-0.dll
0x000007fefd5d0000 - 0x000007fefd5d4000 	C:\Windows\system32\api-ms-win-downlevel-version-l1-1-0.dll
0x000007fefd690000 - 0x000007fefd693000 	C:\Windows\system32\api-ms-win-downlevel-normaliz-l1-1-0.dll
0x0000000077b70000 - 0x0000000077b73000 	C:\Windows\system32\normaliz.DLL
0x000007fefd970000 - 0x000007fefdc3c000 	C:\Windows\system32\iertutil.dll
0x000007fefdec0000 - 0x000007fefe36c000 	C:\Windows\system32\WININET.dll
0x000007fefd8b0000 - 0x000007fefd8cf000 	C:\Windows\system32\USERENV.dll
0x000007fefcc90000 - 0x000007fefcce5000 	C:\Windows\system32\mswsock.dll
0x000007fefcc80000 - 0x000007fefcc87000 	C:\Windows\System32\wship6.dll
0x000007fee67c0000 - 0x000007fee67d3000 	C:\Program Files\Java\jdk-11.0.4\bin\nio.dll
0x000007fee6960000 - 0x000007fee6969000 	C:\Program Files\Java\jdk-11.0.4\bin\management.dll
0x000007fee68c0000 - 0x000007fee68cc000 	C:\Program Files\Java\jdk-11.0.4\bin\management_ext.dll
0x000007fefb1f0000 - 0x000007fefb205000 	C:\Windows\system32\NLAapi.dll
0x000007fef9650000 - 0x000007fef9665000 	C:\Windows\system32\napinsp.dll
0x000007fef9630000 - 0x000007fef9649000 	C:\Windows\system32\pnrpnsp.dll
0x000007fefcb10000 - 0x000007fefcb6b000 	C:\Windows\system32\DNSAPI.dll
0x000007fef9620000 - 0x000007fef962b000 	C:\Windows\System32\winrnr.dll
0x000007fef9610000 - 0x000007fef9620000 	C:\Windows\system32\wshbth.dll
0x000007fefc6c0000 - 0x000007fefc6c7000 	C:\Windows\System32\wshtcpip.dll
0x000007fefb060000 - 0x000007fefb087000 	C:\Windows\system32\IPHLPAPI.DLL
0x000007fefb040000 - 0x000007fefb04b000 	C:\Windows\system32\WINNSI.DLL
0x000007fef8150000 - 0x000007fef8158000 	C:\Windows\system32\rasadhlp.dll
0x000007fefaec0000 - 0x000007fefaf13000 	C:\Windows\System32\fwpuclnt.dll
0x000007fefccf0000 - 0x000007fefcd08000 	C:\Windows\system32\CRYPTSP.dll
0x000007fefc9f0000 - 0x000007fefca37000 	C:\Windows\system32\rsaenh.dll
0x000007fefd3b0000 - 0x000007fefd3bf000 	C:\Windows\system32\CRYPTBASE.dll
0x000007fefaf70000 - 0x000007fefaf81000 	C:\Windows\system32\dhcpcsvc6.DLL
0x000007fefaf50000 - 0x000007fefaf68000 	C:\Windows\system32\dhcpcsvc.DLL

dbghelp: loaded successfully - version: 4.0.5 - missing functions: none
symbol engine: initialized successfully - sym options: 0x614 - pdb path: .;C:\Program Files\Java\jdk-11.0.4\bin;C:\Windows\SYSTEM32;C:\Windows\WinSxS\amd64_microsoft.windows.common-controls_6595b64144ccf1df_6.0.7601.24483_none_e372d88f30fbb845;C:\Program Files\Java\jdk-11.0.4\bin\server

VM Arguments:
jvm_args: -Dcom.sun.management.jmxremote -Dcom.sun.management.jmxremote.port=63443 -Dcom.sun.management.jmxremote.authenticate=false -Dcom.sun.management.jmxremote.ssl=false -Djava.rmi.server.hostname=localhost -Dspring.jmx.enabled=true -Dspring.application.admin.enabled=true -Xverify:none -XX:TieredStopAtLevel=1 -Dfile.encoding=UTF-8 
java_command: com.felipealmeida.cursomc.CursomcApplication --spring.output.ansi.enabled=always
java_class_path (initial): C:\temp\ws\cursomc\target\classes;C:\Users\felipe\.m2\repository\org\springframework\boot\spring-boot-starter\2.2.2.RELEASE\spring-boot-starter-2.2.2.RELEASE.jar;C:\Users\felipe\.m2\repository\org\springframework\boot\spring-boot-starter-logging\2.2.2.RELEASE\spring-boot-starter-logging-2.2.2.RELEASE.jar;C:\Users\felipe\.m2\repository\ch\qos\logback\logback-classic\1.2.3\logback-classic-1.2.3.jar;C:\Users\felipe\.m2\repository\ch\qos\logback\logback-core\1.2.3\logback-core-1.2.3.jar;C:\Users\felipe\.m2\repository\org\apache\logging\log4j\log4j-to-slf4j\2.12.1\log4j-to-slf4j-2.12.1.jar;C:\Users\felipe\.m2\repository\org\apache\logging\log4j\log4j-api\2.12.1\log4j-api-2.12.1.jar;C:\Users\felipe\.m2\repository\org\slf4j\jul-to-slf4j\1.7.29\jul-to-slf4j-1.7.29.jar;C:\Users\felipe\.m2\repository\jakarta\annotation\jakarta.annotation-api\1.3.5\jakarta.annotation-api-1.3.5.jar;C:\Users\felipe\.m2\repository\org\yaml\snakeyaml\1.25\snakeyaml-1.25.jar;C:\Users\felipe\.m2\repository\org\slf4j\slf4j-api\1.7.29\slf4j-api-1.7.29.jar;C:\Users\felipe\.m2\repository\jakarta\xml\bind\jakarta.xml.bind-api\2.3.2\jakarta.xml.bind-api-2.3.2.jar;C:\Users\felipe\.m2\repository\net\bytebuddy\byte-buddy\1.10.4\byte-buddy-1.10.4.jar;C:\Users\felipe\.m2\repository\org\springframework\spring-core\5.2.2.RELEASE\spring-core-5.2.2.RELEASE.jar;C:\Users\felipe\.m2\repository\org\springframework\spring-jcl\5.2.2.RELEASE\spring-jcl-5.2.2.RELEASE.jar;C:\Users\felipe\.m2\repository\org\springframework\boot\spring-boot-starter-data-jpa\2.2.2.RELEASE\spring-boot-starter-data-jpa-2.2.2.RELEASE.jar;C:\Users\felipe\.m2\repository\org\springframework\boot\spring-boot-starter-aop\2.2.2.RELEASE\spring-boot-starter-aop-2.2.2.RELEASE.jar;C:\Users\felipe\.m2\repository\org\aspectj\aspectjweaver\1.9.5\aspectjweaver-1.9.5.jar;C:\Users\felipe\.m2\repository\jakarta\activation\jakarta.activation-api\1.2.1\jakarta.activation-api-1.2.1.jar;C:\Users\felipe\.m2\repository\jakarta\persistence\
Launcher Type: SUN_STANDARD

[Global flags]
     bool BytecodeVerificationLocal                = false                                     {product} {command line}
     bool BytecodeVerificationRemote               = false                                     {product} {command line}
     intx CICompilerCount                          = 3                                         {product} {ergonomic}
     uint ConcGCThreads                            = 1                                         {product} {ergonomic}
     uint G1ConcRefinementThreads                  = 4                                         {product} {ergonomic}
   size_t G1HeapRegionSize                         = 1048576                                   {product} {ergonomic}
    uintx GCDrainStackTargetSize                   = 64                                        {product} {ergonomic}
   size_t InitialHeapSize                          = 201326592                                 {product} {ergonomic}
     bool ManagementServer                         = true                                      {product} {command line}
   size_t MarkStackSize                            = 4194304                                   {product} {ergonomic}
   size_t MaxHeapSize                              = 3210739712                                {product} {ergonomic}
   size_t MaxNewSize                               = 1926234112                                {product} {ergonomic}
   size_t MinHeapDeltaBytes                        = 1048576                                   {product} {ergonomic}
    uintx NonNMethodCodeHeapSize                   = 6973028                                {pd product} {ergonomic}
    uintx NonProfiledCodeHeapSize                  = 244685212                              {pd product} {ergonomic}
    uintx ProfiledCodeHeapSize                     = 0                                      {pd product} {ergonomic}
    uintx ReservedCodeCacheSize                    = 251658240                              {pd product} {ergonomic}
     bool SegmentedCodeCache                       = true                                      {product} {ergonomic}
     intx TieredStopAtLevel                        = 1                                         {product} {command line}
     bool UseCompressedClassPointers               = true                                 {lp64_product} {ergonomic}
     bool UseCompressedOops                        = true                                 {lp64_product} {ergonomic}
     bool UseG1GC                                  = true                                      {product} {ergonomic}
     bool UseLargePagesIndividualAllocation        = false                                  {pd product} {ergonomic}

Logging:
Log output configuration:
 #0: stdout all=warning uptime,level,tags
 #1: stderr all=off uptime,level,tags

Environment Variables:
JAVA_HOME=C:\Program Files\Java\jdk-13.0.1
PATH=C:/Program Files/Java/jdk-13.0.1/bin/server;C:/Program Files/Java/jdk-13.0.1/bin;C:\Windows\system32;C:\Windows;C:\Windows\System32\Wbem;C:\Windows\System32\WindowsPowerShell\v1.0\;C:\Program Files\Java\jdk-13.0.1\bin;C:\Program Files\Git\cmd;C:\Program Files\MongoDB\Server\4.2\bin;C:\Program Files\nodejs\;C:\xampp\mysql\bin;C:\Users\felipe\AppData\Roaming\npm;C:\Users\felipe\AppData\Local\Programs\Microsoft VS Code\bin;C:\Program Files\heroku\bin;C:\Users\felipe\Documents\sts-4.4.0.RELEASE;
USERNAME=felipe
OS=Windows_NT
PROCESSOR_IDENTIFIER=Intel64 Family 6 Model 60 Stepping 3, GenuineIntel



---------------  S Y S T E M  ---------------

OS: Windows 7 , 64 bit Build 7601 (6.1.7601.24545)

CPU:total 4 (initial active 4) (4 cores per cpu, 1 threads per core) family 6 model 60 stepping 3, cmov, cx8, fxsr, mmx, sse, sse2, sse3, ssse3, sse4.1, sse4.2, popcnt, avx, avx2, aes, clmul, erms, lzcnt, tsc, tscinvbit, bmi1, bmi2, fma

Memory: 4k page, system-wide physical 12243M (4676M free)
TotalPageFile size 24484M (AvailPageFile size 13681M)
current process WorkingSet (physical memory assigned to process): 82M, peak: 82M
current process commit charge ("private bytes"): 295M, peak: 295M

vm_info: Java HotSpot(TM) 64-Bit Server VM (11.0.4+10-LTS) for windows-amd64 JRE (11.0.4+10-LTS), built on Jul  4 2019 16:28:13 by "mach5one" with MS VC++ 15.5 (VS2017)

END.
