#
# A fatal error has been detected by the Java Runtime Environment:
#
#  EXCEPTION_ACCESS_VIOLATION (0xc0000005) at pc=0x00000000779ea365, pid=6940, tid=3912
#
# JRE version: Java(TM) SE Runtime Environment (13.0.1+9) (build 13.0.1+9)
# Java VM: Java HotSpot(TM) 64-Bit Server VM (13.0.1+9, mixed mode, sharing, tiered, compressed oops, g1 gc, windows-amd64)
# Problematic frame:
# C  [ntdll.dll+0x2a365]
#
# No core dump will be written. Minidumps are not enabled by default on client versions of Windows
#
# If you would like to submit a bug report, please visit:
#   http://bugreport.java.com/bugreport/crash.jsp
#

---------------  S U M M A R Y ------------

Command Line: -Dcom.sun.management.jmxremote -Dcom.sun.management.jmxremote.port=63381 -Dcom.sun.management.jmxremote.authenticate=false -Dcom.sun.management.jmxremote.ssl=false -Djava.rmi.server.hostname=localhost -Dspring.jmx.enabled=true -Dspring.application.admin.enabled=true -Xverify:none -XX:TieredStopAtLevel=1 -Dfile.encoding=UTF-8 com.felipealmeida.cursomc.CursomcApplication --spring.output.ansi.enabled=always

Host: Intel(R) Core(TM) i5-4670K CPU @ 3.40GHz, 4 cores, 11G,  Windows 7 , 64 bit Build 7601 (6.1.7601.24545)
Time: Mon Feb 17 18:10:33 2020 Hora oficial do Brasil elapsed time: 0 seconds (0d 0h 0m 0s)

---------------  T H R E A D  ---------------

Current thread (0x0000000024196800):  JavaThread "C1 CompilerThread0" daemon [_thread_in_vm, id=3912, stack(0x0000000024a30000,0x0000000024b30000)]


Current CompileTask:
C1:    420  957       1       java.lang.ThreadLocal::get (38 bytes)

Stack: [0x0000000024a30000,0x0000000024b30000],  sp=0x0000000024b2ee70,  free space=1019k
Native frames: (J=compiled Java code, j=interpreted, Vv=VM code, C=native code)
C  [ntdll.dll+0x2a365]
C  [ucrtbase.DLL+0xdf7b]
V  [jvm.dll+0x6f2040]
V  [jvm.dll+0x5e09a5]
V  [jvm.dll+0x219c3f]
V  [jvm.dll+0x219ad2]
V  [jvm.dll+0x2153d6]
V  [jvm.dll+0x213e6b]
V  [jvm.dll+0x738b16]
V  [jvm.dll+0x731c0a]
V  [jvm.dll+0x6260c6]
C  [ucrtbase.DLL+0x203ba]
C  [kernel32.dll+0x1556d]
C  [ntdll.dll+0x5372d]


siginfo: EXCEPTION_ACCESS_VIOLATION (0xc0000005), reading address 0x00000ee1876854f8


Register to memory mapping:

RIP=0x00000000779ea365 ntdll.dll
RAX=0x0000000200000001 is an unknown value
RBX=0x00000ee1876854f0 is an unknown value
RCX=0x000000ffffffffff is an unknown value
RDX=0x0 is NULL
RSP=0x0000000024b2ee70 is pointing into the stack for thread: 0x0000000024196800
RBP=0x0000000026c8dbd0 points into unknown readable memory: 67 65 74 00 04 00 00 00
RSI=0x0 is NULL
RDI=0x0 is NULL
R8 =0x0000000026c8dbc0 points into unknown readable memory: 00 00 00 00 08 00 00 00
R9 =0x0000000000000003 is an unknown value
R10=0x000000000000002d is an unknown value
R11=0x0000000000000003 is an unknown value
R12=0x0000000000350000 points into unknown readable memory: 00 00 00 00 00 00 00 00
R13=0x0000000024197170 points into unknown readable memory: 6a 61 76 61 2e 6c 61 6e
R14=0x000000080040b9c8 is pointing into metadata
R15=0x0000000024b2f4a0 is pointing into the stack for thread: 0x0000000024196800


Registers:
RAX=0x0000000200000001, RBX=0x00000ee1876854f0, RCX=0x000000ffffffffff, RDX=0x0000000000000000
RSP=0x0000000024b2ee70, RBP=0x0000000026c8dbd0, RSI=0x0000000000000000, RDI=0x0000000000000000
R8 =0x0000000026c8dbc0, R9 =0x0000000000000003, R10=0x000000000000002d, R11=0x0000000000000003
R12=0x0000000000350000, R13=0x0000000024197170, R14=0x000000080040b9c8, R15=0x0000000024b2f4a0
RIP=0x00000000779ea365, EFLAGS=0x0000000000010206

Top of Stack: (sp=0x0000000024b2ee70)
0x0000000024b2ee70:   0000000000000000 000007fef18d8bde
0x0000000024b2ee80:   0000000024197170 000007fef1b082d0
0x0000000024b2ee90:   0000000024197170 0000000000000000
0x0000000024b2eea0:   0000000000000000 000000000acf6150
0x0000000024b2eeb0:   0000000024b2f4a0 000000080040b9c8
0x0000000024b2eec0:   0000000024197110 0000000024197170
0x0000000024b2eed0:   00000008000b60b0 000000002418c020
0x0000000024b2eee0:   0000000026c8dbd0 000007fee6a2df7b
0x0000000024b2eef0:   00000008000b5e00 0000000024197170
0x0000000024b2ef00:   0000000024b2f4a0 0000000024197170
0x0000000024b2ef10:   00000008000b60b0 000007fef19b2040
0x0000000024b2ef20:   000000080040b9c8 000007fe00000000
0x0000000024b2ef30:   0000000026c8dbd0 0000000024b2eeb0
0x0000000024b2ef40:   00000000241974f8 0000000024197150
0x0000000024b2ef50:   0000000024197110 00000000000003d8
0x0000000024b2ef60:   0000000024197110 00000008000b60b0 

Instructions: (pc=0x00000000779ea365)
0x00000000779ea265:   04 25 30 00 00 00 b9 0d 00 00 c0 c7 80 50 12 00
0x00000000779ea275:   00 0d 00 00 c0 65 48 8b 1c 25 30 00 00 00 e8 78
0x00000000779ea285:   ba fe ff 89 43 68 32 c0 48 83 c4 50 41 5c 5f 5e
0x00000000779ea295:   5d 5b c3 80 7d ff 05 75 64 8b 4d f8 f7 c7 02 01
0x00000000779ea2a5:   00 3c 75 59 80 7d ff 05 4c 8d 4d f0 75 12 41 0f
0x00000000779ea2b5:   b6 41 0e 48 c1 e0 04 4c 2b c8 49 83 c1 10 eb 03
0x00000000779ea2c5:   4c 8b ce 85 c9 74 19 8d 41 ff 66 83 f8 03 73 10
0x00000000779ea2d5:   4c 8d 15 4c 8e fd ff 0f b7 c0 4d 8b 14 c2 eb 03
0x00000000779ea2e5:   4c 8b d6 c1 e9 10 ba 03 00 00 00 44 0f b7 c1 49
0x00000000779ea2f5:   8b cc 41 ff d2 85 c0 0f 88 60 ff ff ff f6 43 0f
0x00000000779ea305:   80 0f 84 a0 04 00 00 4c 89 ac 24 88 00 00 00 4c
0x00000000779ea315:   89 74 24 48 4c 8d 45 f0 4c 89 7c 24 40 41 0f 0d
0x00000000779ea325:   08 41 80 78 0f 05 75 0c 41 0f b6 40 0e 48 c1 e0
0x00000000779ea335:   04 4c 2b c0 49 8b 40 08 49 8b d8 48 b9 ff ff ff
0x00000000779ea345:   ff ff 00 00 00 49 33 dc 48 23 c1 48 c1 eb 04 48
0x00000000779ea355:   33 d8 48 33 1d 3a 32 10 00 48 c1 e3 04 0f 0d 0b
0x00000000779ea365:   48 8b 7b 08 49 bd 01 00 00 00 01 00 00 00 49 be
0x00000000779ea375:   ff 7f 00 00 ff ff ff ff 41 c6 40 0f 80 41 88 70
0x00000000779ea385:   0e 41 bf 00 00 ff ff 0f 1f 40 00 4c 8b 5b 10 4b
0x00000000779ea395:   8d 14 2b 49 23 d6 66 3b 53 1c 75 3f 48 8b 0b 48
0x00000000779ea3a5:   8b 81 a8 00 00 00 44 8b 48 20 8b 81 a4 00 00 00
0x00000000779ea3b5:   44 8b 91 b0 00 00 00 83 f8 01 75 0e 45 3b ca 72
0x00000000779ea3c5:   09 45 2b ca 41 83 f9 20 72 11 48 81 e2 00 00 ff
0x00000000779ea3d5:   ff be 03 00 00 00 49 0b d7 eb 2a 49 8b c3 be 01
0x00000000779ea3e5:   00 00 00 48 c1 e8 10 66 41 89 40 10 49 8b c0 48
0x00000000779ea3f5:   2b c7 48 c1 e0 0c 48 25 00 00 ff ff 48 0b d0 48
0x00000000779ea405:   8b 03 48 89 18 49 8b c3 f0 48 0f b1 53 10 0f 85
0x00000000779ea415:   77 ff ff ff 4c 8b 7c 24 40 4c 8b 74 24 48 4c 8b
0x00000000779ea425:   ac 24 88 00 00 00 66 45 85 db 75 75 8b 43 28 85
0x00000000779ea435:   c0 74 6e a8 02 75 6a 8b c8 83 c9 02 f0 0f b1 4b
0x00000000779ea445:   28 75 e9 4c 8b 03 45 33 c9 66 90 41 0f b7 80 b6
0x00000000779ea455:   00 00 00 41 03 c1 83 e0 0f 8b c8 49 8b 54 c0 10 


Stack slot to memory mapping:
stack at sp + 0 slots: 0x0 is NULL
stack at sp + 1 slots: 0x000007fef18d8bde jvm.dll
stack at sp + 2 slots: 0x0000000024197170 points into unknown readable memory: 6a 61 76 61 2e 6c 61 6e
stack at sp + 3 slots: 0x000007fef1b082d0 jvm.dll
stack at sp + 4 slots: 0x0000000024197170 points into unknown readable memory: 6a 61 76 61 2e 6c 61 6e
stack at sp + 5 slots: 0x0 is NULL
stack at sp + 6 slots: 0x0 is NULL
stack at sp + 7 slots: 0x000000000acf6150 points into unknown readable memory: 00 00 00 00 00 00 00 00


---------------  P R O C E S S  ---------------

Threads class SMR info:
_java_thread_list=0x0000000026cb06e0, length=12, elements={
0x00000000003e6800, 0x0000000024181000, 0x0000000024182000, 0x0000000024191800,
0x0000000024192800, 0x0000000024196800, 0x000000002419b000, 0x00000000255ab800,
0x00000000255e0000, 0x0000000026cb5000, 0x0000000026cbc000, 0x0000000026cc0000
}

Java Threads: ( => current thread )
  0x00000000003e6800 JavaThread "main" [_thread_blocked, id=6456, stack(0x00000000021c0000,0x00000000022c0000)]
  0x0000000024181000 JavaThread "Reference Handler" daemon [_thread_blocked, id=5992, stack(0x0000000024de0000,0x0000000024ee0000)]
  0x0000000024182000 JavaThread "Finalizer" daemon [_thread_blocked, id=4280, stack(0x0000000024f80000,0x0000000025080000)]
  0x0000000024191800 JavaThread "Signal Dispatcher" daemon [_thread_blocked, id=4212, stack(0x0000000024cd0000,0x0000000024dd0000)]
  0x0000000024192800 JavaThread "Attach Listener" daemon [_thread_blocked, id=8872, stack(0x0000000025140000,0x0000000025240000)]
=>0x0000000024196800 JavaThread "C1 CompilerThread0" daemon [_thread_in_vm, id=3912, stack(0x0000000024a30000,0x0000000024b30000)]
  0x000000002419b000 JavaThread "Sweeper thread" daemon [_thread_blocked, id=456, stack(0x00000000253a0000,0x00000000254a0000)]
  0x00000000255ab800 JavaThread "Common-Cleaner" daemon [_thread_blocked, id=7288, stack(0x00000000259a0000,0x0000000025aa0000)]
  0x00000000255e0000 JavaThread "Service Thread" daemon [_thread_blocked, id=7048, stack(0x0000000025b70000,0x0000000025c70000)]
  0x0000000026cb5000 JavaThread "RMI TCP Accept-0" daemon [_thread_in_native, id=7748, stack(0x0000000027c10000,0x0000000027d10000)]
  0x0000000026cbc000 JavaThread "RMI TCP Accept-63381" daemon [_thread_in_native, id=6464, stack(0x0000000027a30000,0x0000000027b30000)]
  0x0000000026cc0000 JavaThread "RMI TCP Accept-0" daemon [_thread_in_native, id=4104, stack(0x0000000027dd0000,0x0000000027ed0000)]

Other Threads:
  0x000000002417f000 VMThread "VM Thread" [stack: 0x0000000024b40000,0x0000000024c40000] [id=7736] _threads_hazard_ptr=0x0000000026cb06e0
  0x0000000026cf0000 WatcherThread [stack: 0x0000000027fe0000,0x00000000280e0000] [id=3048]
  0x000000000043e800 GCTaskThread "GC Thread#0" [stack: 0x00000000214d0000,0x00000000215d0000] [id=8328]
  0x00000000264c9000 GCTaskThread "GC Thread#1" [stack: 0x0000000026730000,0x0000000026830000] [id=6284]
  0x00000000264c9800 GCTaskThread "GC Thread#2" [stack: 0x0000000026870000,0x0000000026970000] [id=6048]
  0x00000000264ca800 GCTaskThread "GC Thread#3" [stack: 0x0000000026630000,0x0000000026730000] [id=6872]
  0x00000000215dc000 ConcurrentGCThread "G1 Main Marker" [stack: 0x0000000021820000,0x0000000021920000] [id=9056]
  0x000000000044f000 ConcurrentGCThread "G1 Conc#0" [stack: 0x0000000021990000,0x0000000021a90000] [id=2944]
  0x00000000216a4000 ConcurrentGCThread "G1 Refine#0" [stack: 0x0000000023e00000,0x0000000023f00000] [id=9152]
  0x00000000216a7800 ConcurrentGCThread "G1 Young RemSet Sampling" [stack: 0x0000000023f10000,0x0000000024010000] [id=7820]

Threads with active compile tasks:
C1 CompilerThread0      452  957       1       java.lang.ThreadLocal::get (38 bytes)

VM state:synchronizing (normal execution)

VM Mutex/Monitor currently owned by a thread:  ([mutex/lock_event])
[0x00000000003e27e0] Threads_lock - owner thread: 0x000000002417f000
[0x00000000003e4670] Compile_lock - owner thread: 0x00000000003e6800

Heap address: 0x0000000740a00000, size: 3062 MB, Compressed Oops mode: Zero based, Oop shift amount: 3
Narrow klass base: 0x0000000800000000, Narrow klass shift: 3
Compressed class space size: 1073741824 Address: 0x0000000800b40000

Heap:
 garbage-first heap   total 196608K, used 25013K [0x0000000740a00000, 0x0000000800000000)
  region size 1024K, 10 young (10240K), 2 survivors (2048K)
 Metaspace       used 5541K, capacity 5919K, committed 6272K, reserved 1056768K
  class space    used 677K, capacity 775K, committed 896K, reserved 1048576K
Heap Regions: E=young(eden), S=young(survivor), O=old, HS=humongous(starts), HC=humongous(continues), CS=collection set, F=free, A=archive, TAMS=top-at-mark-start (previous, next)
|   0|0x0000000740a00000, 0x0000000740b00000, 0x0000000740b00000|100%|HS|  |TAMS 0x0000000740a00000, 0x0000000740a00000| Complete 
|   1|0x0000000740b00000, 0x0000000740c00000, 0x0000000740c00000|100%| O|  |TAMS 0x0000000740b00000, 0x0000000740b00000| Untracked 
|   2|0x0000000740c00000, 0x0000000740d00000, 0x0000000740d00000|100%| O|  |TAMS 0x0000000740c00000, 0x0000000740c00000| Untracked 
|   3|0x0000000740d00000, 0x0000000740e00000, 0x0000000740e00000|100%| O|  |TAMS 0x0000000740d00000, 0x0000000740d00000| Untracked 
|   4|0x0000000740e00000, 0x0000000740f00000, 0x0000000740f00000|100%| O|  |TAMS 0x0000000740e00000, 0x0000000740e00000| Untracked 
|   5|0x0000000740f00000, 0x0000000741000000, 0x0000000741000000|100%| O|  |TAMS 0x0000000740f00000, 0x0000000740f00000| Untracked 
|   6|0x0000000741000000, 0x0000000741100000, 0x0000000741100000|100%| O|  |TAMS 0x0000000741000000, 0x0000000741000000| Untracked 
|   7|0x0000000741100000, 0x0000000741200000, 0x0000000741200000|100%| O|  |TAMS 0x0000000741100000, 0x0000000741100000| Untracked 
|   8|0x0000000741200000, 0x0000000741300000, 0x0000000741300000|100%| O|  |TAMS 0x0000000741200000, 0x0000000741200000| Untracked 
|   9|0x0000000741300000, 0x0000000741400000, 0x0000000741400000|100%| O|  |TAMS 0x0000000741300000, 0x0000000741300000| Untracked 
|  10|0x0000000741400000, 0x0000000741500000, 0x0000000741500000|100%| O|  |TAMS 0x0000000741400000, 0x0000000741400000| Untracked 
|  11|0x0000000741500000, 0x0000000741600000, 0x0000000741600000|100%| O|  |TAMS 0x0000000741500000, 0x0000000741500000| Untracked 
|  12|0x0000000741600000, 0x0000000741700000, 0x0000000741700000|100%| O|  |TAMS 0x0000000741600000, 0x0000000741600000| Untracked 
|  13|0x0000000741700000, 0x0000000741800000, 0x0000000741800000|100%| O|  |TAMS 0x0000000741700000, 0x0000000741700000| Untracked 
|  14|0x0000000741800000, 0x0000000741900000, 0x0000000741900000|100%| O|  |TAMS 0x0000000741800000, 0x0000000741800000| Untracked 
|  15|0x0000000741900000, 0x000000074196d600, 0x0000000741a00000| 42%| O|  |TAMS 0x0000000741900000, 0x0000000741900000| Untracked 
|  16|0x0000000741a00000, 0x0000000741a00000, 0x0000000741b00000|  0%| F|  |TAMS 0x0000000741a00000, 0x0000000741a00000| Untracked 
|  17|0x0000000741b00000, 0x0000000741b00000, 0x0000000741c00000|  0%| F|  |TAMS 0x0000000741b00000, 0x0000000741b00000| Untracked 
|  18|0x0000000741c00000, 0x0000000741c00000, 0x0000000741d00000|  0%| F|  |TAMS 0x0000000741c00000, 0x0000000741c00000| Untracked 
|  19|0x0000000741d00000, 0x0000000741d00000, 0x0000000741e00000|  0%| F|  |TAMS 0x0000000741d00000, 0x0000000741d00000| Untracked 
|  20|0x0000000741e00000, 0x0000000741e00000, 0x0000000741f00000|  0%| F|  |TAMS 0x0000000741e00000, 0x0000000741e00000| Untracked 
|  21|0x0000000741f00000, 0x0000000741f00000, 0x0000000742000000|  0%| F|  |TAMS 0x0000000741f00000, 0x0000000741f00000| Untracked 
|  22|0x0000000742000000, 0x0000000742000000, 0x0000000742100000|  0%| F|  |TAMS 0x0000000742000000, 0x0000000742000000| Untracked 
|  23|0x0000000742100000, 0x0000000742100000, 0x0000000742200000|  0%| F|  |TAMS 0x0000000742100000, 0x0000000742100000| Untracked 
|  24|0x0000000742200000, 0x0000000742200000, 0x0000000742300000|  0%| F|  |TAMS 0x0000000742200000, 0x0000000742200000| Untracked 
|  25|0x0000000742300000, 0x0000000742300000, 0x0000000742400000|  0%| F|  |TAMS 0x0000000742300000, 0x0000000742300000| Untracked 
|  26|0x0000000742400000, 0x0000000742400000, 0x0000000742500000|  0%| F|  |TAMS 0x0000000742400000, 0x0000000742400000| Untracked 
|  27|0x0000000742500000, 0x0000000742500000, 0x0000000742600000|  0%| F|  |TAMS 0x0000000742500000, 0x0000000742500000| Untracked 
|  28|0x0000000742600000, 0x0000000742600000, 0x0000000742700000|  0%| F|  |TAMS 0x0000000742600000, 0x0000000742600000| Untracked 
|  29|0x0000000742700000, 0x0000000742700000, 0x0000000742800000|  0%| F|  |TAMS 0x0000000742700000, 0x0000000742700000| Untracked 
|  30|0x0000000742800000, 0x0000000742800000, 0x0000000742900000|  0%| F|  |TAMS 0x0000000742800000, 0x0000000742800000| Untracked 
|  31|0x0000000742900000, 0x0000000742900000, 0x0000000742a00000|  0%| F|  |TAMS 0x0000000742900000, 0x0000000742900000| Untracked 
|  32|0x0000000742a00000, 0x0000000742a00000, 0x0000000742b00000|  0%| F|  |TAMS 0x0000000742a00000, 0x0000000742a00000| Untracked 
|  33|0x0000000742b00000, 0x0000000742b00000, 0x0000000742c00000|  0%| F|  |TAMS 0x0000000742b00000, 0x0000000742b00000| Untracked 
|  34|0x0000000742c00000, 0x0000000742c00000, 0x0000000742d00000|  0%| F|  |TAMS 0x0000000742c00000, 0x0000000742c00000| Untracked 
|  35|0x0000000742d00000, 0x0000000742d00000, 0x0000000742e00000|  0%| F|  |TAMS 0x0000000742d00000, 0x0000000742d00000| Untracked 
|  36|0x0000000742e00000, 0x0000000742e00000, 0x0000000742f00000|  0%| F|  |TAMS 0x0000000742e00000, 0x0000000742e00000| Untracked 
|  37|0x0000000742f00000, 0x0000000742f00000, 0x0000000743000000|  0%| F|  |TAMS 0x0000000742f00000, 0x0000000742f00000| Untracked 
|  38|0x0000000743000000, 0x0000000743000000, 0x0000000743100000|  0%| F|  |TAMS 0x0000000743000000, 0x0000000743000000| Untracked 
|  39|0x0000000743100000, 0x0000000743100000, 0x0000000743200000|  0%| F|  |TAMS 0x0000000743100000, 0x0000000743100000| Untracked 
|  40|0x0000000743200000, 0x0000000743200000, 0x0000000743300000|  0%| F|  |TAMS 0x0000000743200000, 0x0000000743200000| Untracked 
|  41|0x0000000743300000, 0x0000000743300000, 0x0000000743400000|  0%| F|  |TAMS 0x0000000743300000, 0x0000000743300000| Untracked 
|  42|0x0000000743400000, 0x0000000743400000, 0x0000000743500000|  0%| F|  |TAMS 0x0000000743400000, 0x0000000743400000| Untracked 
|  43|0x0000000743500000, 0x0000000743500000, 0x0000000743600000|  0%| F|  |TAMS 0x0000000743500000, 0x0000000743500000| Untracked 
|  44|0x0000000743600000, 0x0000000743600000, 0x0000000743700000|  0%| F|  |TAMS 0x0000000743600000, 0x0000000743600000| Untracked 
|  45|0x0000000743700000, 0x0000000743700000, 0x0000000743800000|  0%| F|  |TAMS 0x0000000743700000, 0x0000000743700000| Untracked 
|  46|0x0000000743800000, 0x0000000743800000, 0x0000000743900000|  0%| F|  |TAMS 0x0000000743800000, 0x0000000743800000| Untracked 
|  47|0x0000000743900000, 0x0000000743900000, 0x0000000743a00000|  0%| F|  |TAMS 0x0000000743900000, 0x0000000743900000| Untracked 
|  48|0x0000000743a00000, 0x0000000743a00000, 0x0000000743b00000|  0%| F|  |TAMS 0x0000000743a00000, 0x0000000743a00000| Untracked 
|  49|0x0000000743b00000, 0x0000000743b00000, 0x0000000743c00000|  0%| F|  |TAMS 0x0000000743b00000, 0x0000000743b00000| Untracked 
|  50|0x0000000743c00000, 0x0000000743c00000, 0x0000000743d00000|  0%| F|  |TAMS 0x0000000743c00000, 0x0000000743c00000| Untracked 
|  51|0x0000000743d00000, 0x0000000743d00000, 0x0000000743e00000|  0%| F|  |TAMS 0x0000000743d00000, 0x0000000743d00000| Untracked 
|  52|0x0000000743e00000, 0x0000000743e00000, 0x0000000743f00000|  0%| F|  |TAMS 0x0000000743e00000, 0x0000000743e00000| Untracked 
|  53|0x0000000743f00000, 0x0000000743f00000, 0x0000000744000000|  0%| F|  |TAMS 0x0000000743f00000, 0x0000000743f00000| Untracked 
|  54|0x0000000744000000, 0x0000000744000000, 0x0000000744100000|  0%| F|  |TAMS 0x0000000744000000, 0x0000000744000000| Untracked 
|  55|0x0000000744100000, 0x0000000744100000, 0x0000000744200000|  0%| F|  |TAMS 0x0000000744100000, 0x0000000744100000| Untracked 
|  56|0x0000000744200000, 0x0000000744200000, 0x0000000744300000|  0%| F|  |TAMS 0x0000000744200000, 0x0000000744200000| Untracked 
|  57|0x0000000744300000, 0x0000000744300000, 0x0000000744400000|  0%| F|  |TAMS 0x0000000744300000, 0x0000000744300000| Untracked 
|  58|0x0000000744400000, 0x0000000744400000, 0x0000000744500000|  0%| F|  |TAMS 0x0000000744400000, 0x0000000744400000| Untracked 
|  59|0x0000000744500000, 0x0000000744500000, 0x0000000744600000|  0%| F|  |TAMS 0x0000000744500000, 0x0000000744500000| Untracked 
|  60|0x0000000744600000, 0x0000000744600000, 0x0000000744700000|  0%| F|  |TAMS 0x0000000744600000, 0x0000000744600000| Untracked 
|  61|0x0000000744700000, 0x0000000744700000, 0x0000000744800000|  0%| F|  |TAMS 0x0000000744700000, 0x0000000744700000| Untracked 
|  62|0x0000000744800000, 0x0000000744800000, 0x0000000744900000|  0%| F|  |TAMS 0x0000000744800000, 0x0000000744800000| Untracked 
|  63|0x0000000744900000, 0x0000000744900000, 0x0000000744a00000|  0%| F|  |TAMS 0x0000000744900000, 0x0000000744900000| Untracked 
|  64|0x0000000744a00000, 0x0000000744a00000, 0x0000000744b00000|  0%| F|  |TAMS 0x0000000744a00000, 0x0000000744a00000| Untracked 
|  65|0x0000000744b00000, 0x0000000744b00000, 0x0000000744c00000|  0%| F|  |TAMS 0x0000000744b00000, 0x0000000744b00000| Untracked 
|  66|0x0000000744c00000, 0x0000000744c00000, 0x0000000744d00000|  0%| F|  |TAMS 0x0000000744c00000, 0x0000000744c00000| Untracked 
|  67|0x0000000744d00000, 0x0000000744d00000, 0x0000000744e00000|  0%| F|  |TAMS 0x0000000744d00000, 0x0000000744d00000| Untracked 
|  68|0x0000000744e00000, 0x0000000744e00000, 0x0000000744f00000|  0%| F|  |TAMS 0x0000000744e00000, 0x0000000744e00000| Untracked 
|  69|0x0000000744f00000, 0x0000000744f00000, 0x0000000745000000|  0%| F|  |TAMS 0x0000000744f00000, 0x0000000744f00000| Untracked 
|  70|0x0000000745000000, 0x0000000745000000, 0x0000000745100000|  0%| F|  |TAMS 0x0000000745000000, 0x0000000745000000| Untracked 
|  71|0x0000000745100000, 0x0000000745100000, 0x0000000745200000|  0%| F|  |TAMS 0x0000000745100000, 0x0000000745100000| Untracked 
|  72|0x0000000745200000, 0x0000000745200000, 0x0000000745300000|  0%| F|  |TAMS 0x0000000745200000, 0x0000000745200000| Untracked 
|  73|0x0000000745300000, 0x0000000745300000, 0x0000000745400000|  0%| F|  |TAMS 0x0000000745300000, 0x0000000745300000| Untracked 
|  74|0x0000000745400000, 0x0000000745400000, 0x0000000745500000|  0%| F|  |TAMS 0x0000000745400000, 0x0000000745400000| Untracked 
|  75|0x0000000745500000, 0x0000000745500000, 0x0000000745600000|  0%| F|  |TAMS 0x0000000745500000, 0x0000000745500000| Untracked 
|  76|0x0000000745600000, 0x0000000745600000, 0x0000000745700000|  0%| F|  |TAMS 0x0000000745600000, 0x0000000745600000| Untracked 
|  77|0x0000000745700000, 0x0000000745700000, 0x0000000745800000|  0%| F|  |TAMS 0x0000000745700000, 0x0000000745700000| Untracked 
|  78|0x0000000745800000, 0x0000000745800000, 0x0000000745900000|  0%| F|  |TAMS 0x0000000745800000, 0x0000000745800000| Untracked 
|  79|0x0000000745900000, 0x0000000745900000, 0x0000000745a00000|  0%| F|  |TAMS 0x0000000745900000, 0x0000000745900000| Untracked 
|  80|0x0000000745a00000, 0x0000000745a00000, 0x0000000745b00000|  0%| F|  |TAMS 0x0000000745a00000, 0x0000000745a00000| Untracked 
|  81|0x0000000745b00000, 0x0000000745b00000, 0x0000000745c00000|  0%| F|  |TAMS 0x0000000745b00000, 0x0000000745b00000| Untracked 
|  82|0x0000000745c00000, 0x0000000745c00000, 0x0000000745d00000|  0%| F|  |TAMS 0x0000000745c00000, 0x0000000745c00000| Untracked 
|  83|0x0000000745d00000, 0x0000000745d00000, 0x0000000745e00000|  0%| F|  |TAMS 0x0000000745d00000, 0x0000000745d00000| Untracked 
|  84|0x0000000745e00000, 0x0000000745e00000, 0x0000000745f00000|  0%| F|  |TAMS 0x0000000745e00000, 0x0000000745e00000| Untracked 
|  85|0x0000000745f00000, 0x0000000745f00000, 0x0000000746000000|  0%| F|  |TAMS 0x0000000745f00000, 0x0000000745f00000| Untracked 
|  86|0x0000000746000000, 0x0000000746000000, 0x0000000746100000|  0%| F|  |TAMS 0x0000000746000000, 0x0000000746000000| Untracked 
|  87|0x0000000746100000, 0x0000000746100000, 0x0000000746200000|  0%| F|  |TAMS 0x0000000746100000, 0x0000000746100000| Untracked 
|  88|0x0000000746200000, 0x0000000746200000, 0x0000000746300000|  0%| F|  |TAMS 0x0000000746200000, 0x0000000746200000| Untracked 
|  89|0x0000000746300000, 0x0000000746300000, 0x0000000746400000|  0%| F|  |TAMS 0x0000000746300000, 0x0000000746300000| Untracked 
|  90|0x0000000746400000, 0x0000000746400000, 0x0000000746500000|  0%| F|  |TAMS 0x0000000746400000, 0x0000000746400000| Untracked 
|  91|0x0000000746500000, 0x0000000746500000, 0x0000000746600000|  0%| F|  |TAMS 0x0000000746500000, 0x0000000746500000| Untracked 
|  92|0x0000000746600000, 0x0000000746600000, 0x0000000746700000|  0%| F|  |TAMS 0x0000000746600000, 0x0000000746600000| Untracked 
|  93|0x0000000746700000, 0x0000000746700000, 0x0000000746800000|  0%| F|  |TAMS 0x0000000746700000, 0x0000000746700000| Untracked 
|  94|0x0000000746800000, 0x0000000746800000, 0x0000000746900000|  0%| F|  |TAMS 0x0000000746800000, 0x0000000746800000| Untracked 
|  95|0x0000000746900000, 0x0000000746900000, 0x0000000746a00000|  0%| F|  |TAMS 0x0000000746900000, 0x0000000746900000| Untracked 
|  96|0x0000000746a00000, 0x0000000746a00000, 0x0000000746b00000|  0%| F|  |TAMS 0x0000000746a00000, 0x0000000746a00000| Untracked 
|  97|0x0000000746b00000, 0x0000000746b00000, 0x0000000746c00000|  0%| F|  |TAMS 0x0000000746b00000, 0x0000000746b00000| Untracked 
|  98|0x0000000746c00000, 0x0000000746c00000, 0x0000000746d00000|  0%| F|  |TAMS 0x0000000746c00000, 0x0000000746c00000| Untracked 
|  99|0x0000000746d00000, 0x0000000746d00000, 0x0000000746e00000|  0%| F|  |TAMS 0x0000000746d00000, 0x0000000746d00000| Untracked 
| 100|0x0000000746e00000, 0x0000000746e00000, 0x0000000746f00000|  0%| F|  |TAMS 0x0000000746e00000, 0x0000000746e00000| Untracked 
| 101|0x0000000746f00000, 0x0000000746f00000, 0x0000000747000000|  0%| F|  |TAMS 0x0000000746f00000, 0x0000000746f00000| Untracked 
| 102|0x0000000747000000, 0x0000000747000000, 0x0000000747100000|  0%| F|  |TAMS 0x0000000747000000, 0x0000000747000000| Untracked 
| 103|0x0000000747100000, 0x0000000747100000, 0x0000000747200000|  0%| F|  |TAMS 0x0000000747100000, 0x0000000747100000| Untracked 
| 104|0x0000000747200000, 0x0000000747200000, 0x0000000747300000|  0%| F|  |TAMS 0x0000000747200000, 0x0000000747200000| Untracked 
| 105|0x0000000747300000, 0x0000000747300000, 0x0000000747400000|  0%| F|  |TAMS 0x0000000747300000, 0x0000000747300000| Untracked 
| 106|0x0000000747400000, 0x0000000747400000, 0x0000000747500000|  0%| F|  |TAMS 0x0000000747400000, 0x0000000747400000| Untracked 
| 107|0x0000000747500000, 0x0000000747500000, 0x0000000747600000|  0%| F|  |TAMS 0x0000000747500000, 0x0000000747500000| Untracked 
| 108|0x0000000747600000, 0x0000000747600000, 0x0000000747700000|  0%| F|  |TAMS 0x0000000747600000, 0x0000000747600000| Untracked 
| 109|0x0000000747700000, 0x0000000747700000, 0x0000000747800000|  0%| F|  |TAMS 0x0000000747700000, 0x0000000747700000| Untracked 
| 110|0x0000000747800000, 0x0000000747800000, 0x0000000747900000|  0%| F|  |TAMS 0x0000000747800000, 0x0000000747800000| Untracked 
| 111|0x0000000747900000, 0x0000000747900000, 0x0000000747a00000|  0%| F|  |TAMS 0x0000000747900000, 0x0000000747900000| Untracked 
| 112|0x0000000747a00000, 0x0000000747a00000, 0x0000000747b00000|  0%| F|  |TAMS 0x0000000747a00000, 0x0000000747a00000| Untracked 
| 113|0x0000000747b00000, 0x0000000747b00000, 0x0000000747c00000|  0%| F|  |TAMS 0x0000000747b00000, 0x0000000747b00000| Untracked 
| 114|0x0000000747c00000, 0x0000000747c00000, 0x0000000747d00000|  0%| F|  |TAMS 0x0000000747c00000, 0x0000000747c00000| Untracked 
| 115|0x0000000747d00000, 0x0000000747d00000, 0x0000000747e00000|  0%| F|  |TAMS 0x0000000747d00000, 0x0000000747d00000| Untracked 
| 116|0x0000000747e00000, 0x0000000747e00000, 0x0000000747f00000|  0%| F|  |TAMS 0x0000000747e00000, 0x0000000747e00000| Untracked 
| 117|0x0000000747f00000, 0x0000000747f00000, 0x0000000748000000|  0%| F|  |TAMS 0x0000000747f00000, 0x0000000747f00000| Untracked 
| 118|0x0000000748000000, 0x0000000748000000, 0x0000000748100000|  0%| F|  |TAMS 0x0000000748000000, 0x0000000748000000| Untracked 
| 119|0x0000000748100000, 0x0000000748100000, 0x0000000748200000|  0%| F|  |TAMS 0x0000000748100000, 0x0000000748100000| Untracked 
| 120|0x0000000748200000, 0x0000000748200000, 0x0000000748300000|  0%| F|  |TAMS 0x0000000748200000, 0x0000000748200000| Untracked 
| 121|0x0000000748300000, 0x0000000748300000, 0x0000000748400000|  0%| F|  |TAMS 0x0000000748300000, 0x0000000748300000| Untracked 
| 122|0x0000000748400000, 0x0000000748400000, 0x0000000748500000|  0%| F|  |TAMS 0x0000000748400000, 0x0000000748400000| Untracked 
| 123|0x0000000748500000, 0x0000000748500000, 0x0000000748600000|  0%| F|  |TAMS 0x0000000748500000, 0x0000000748500000| Untracked 
| 124|0x0000000748600000, 0x0000000748600000, 0x0000000748700000|  0%| F|  |TAMS 0x0000000748600000, 0x0000000748600000| Untracked 
| 125|0x0000000748700000, 0x0000000748700000, 0x0000000748800000|  0%| F|  |TAMS 0x0000000748700000, 0x0000000748700000| Untracked 
| 126|0x0000000748800000, 0x0000000748800000, 0x0000000748900000|  0%| F|  |TAMS 0x0000000748800000, 0x0000000748800000| Untracked 
| 127|0x0000000748900000, 0x0000000748900000, 0x0000000748a00000|  0%| F|  |TAMS 0x0000000748900000, 0x0000000748900000| Untracked 
| 128|0x0000000748a00000, 0x0000000748a00000, 0x0000000748b00000|  0%| F|  |TAMS 0x0000000748a00000, 0x0000000748a00000| Untracked 
| 129|0x0000000748b00000, 0x0000000748b00000, 0x0000000748c00000|  0%| F|  |TAMS 0x0000000748b00000, 0x0000000748b00000| Untracked 
| 130|0x0000000748c00000, 0x0000000748c00000, 0x0000000748d00000|  0%| F|  |TAMS 0x0000000748c00000, 0x0000000748c00000| Untracked 
| 131|0x0000000748d00000, 0x0000000748d00000, 0x0000000748e00000|  0%| F|  |TAMS 0x0000000748d00000, 0x0000000748d00000| Untracked 
| 132|0x0000000748e00000, 0x0000000748e00000, 0x0000000748f00000|  0%| F|  |TAMS 0x0000000748e00000, 0x0000000748e00000| Untracked 
| 133|0x0000000748f00000, 0x0000000748f00000, 0x0000000749000000|  0%| F|  |TAMS 0x0000000748f00000, 0x0000000748f00000| Untracked 
| 134|0x0000000749000000, 0x0000000749000000, 0x0000000749100000|  0%| F|  |TAMS 0x0000000749000000, 0x0000000749000000| Untracked 
| 135|0x0000000749100000, 0x0000000749100000, 0x0000000749200000|  0%| F|  |TAMS 0x0000000749100000, 0x0000000749100000| Untracked 
| 136|0x0000000749200000, 0x0000000749200000, 0x0000000749300000|  0%| F|  |TAMS 0x0000000749200000, 0x0000000749200000| Untracked 
| 137|0x0000000749300000, 0x0000000749300000, 0x0000000749400000|  0%| F|  |TAMS 0x0000000749300000, 0x0000000749300000| Untracked 
| 138|0x0000000749400000, 0x0000000749400000, 0x0000000749500000|  0%| F|  |TAMS 0x0000000749400000, 0x0000000749400000| Untracked 
| 139|0x0000000749500000, 0x0000000749500000, 0x0000000749600000|  0%| F|  |TAMS 0x0000000749500000, 0x0000000749500000| Untracked 
| 140|0x0000000749600000, 0x0000000749600000, 0x0000000749700000|  0%| F|  |TAMS 0x0000000749600000, 0x0000000749600000| Untracked 
| 141|0x0000000749700000, 0x0000000749700000, 0x0000000749800000|  0%| F|  |TAMS 0x0000000749700000, 0x0000000749700000| Untracked 
| 142|0x0000000749800000, 0x0000000749800000, 0x0000000749900000|  0%| F|  |TAMS 0x0000000749800000, 0x0000000749800000| Untracked 
| 143|0x0000000749900000, 0x0000000749900000, 0x0000000749a00000|  0%| F|  |TAMS 0x0000000749900000, 0x0000000749900000| Untracked 
| 144|0x0000000749a00000, 0x0000000749a00000, 0x0000000749b00000|  0%| F|  |TAMS 0x0000000749a00000, 0x0000000749a00000| Untracked 
| 145|0x0000000749b00000, 0x0000000749b00000, 0x0000000749c00000|  0%| F|  |TAMS 0x0000000749b00000, 0x0000000749b00000| Untracked 
| 146|0x0000000749c00000, 0x0000000749c00000, 0x0000000749d00000|  0%| F|  |TAMS 0x0000000749c00000, 0x0000000749c00000| Untracked 
| 147|0x0000000749d00000, 0x0000000749d00000, 0x0000000749e00000|  0%| F|  |TAMS 0x0000000749d00000, 0x0000000749d00000| Untracked 
| 148|0x0000000749e00000, 0x0000000749e00000, 0x0000000749f00000|  0%| F|  |TAMS 0x0000000749e00000, 0x0000000749e00000| Untracked 
| 149|0x0000000749f00000, 0x0000000749f00000, 0x000000074a000000|  0%| F|  |TAMS 0x0000000749f00000, 0x0000000749f00000| Untracked 
| 150|0x000000074a000000, 0x000000074a000000, 0x000000074a100000|  0%| F|  |TAMS 0x000000074a000000, 0x000000074a000000| Untracked 
| 151|0x000000074a100000, 0x000000074a100000, 0x000000074a200000|  0%| F|  |TAMS 0x000000074a100000, 0x000000074a100000| Untracked 
| 152|0x000000074a200000, 0x000000074a200000, 0x000000074a300000|  0%| F|  |TAMS 0x000000074a200000, 0x000000074a200000| Untracked 
| 153|0x000000074a300000, 0x000000074a300000, 0x000000074a400000|  0%| F|  |TAMS 0x000000074a300000, 0x000000074a300000| Untracked 
| 154|0x000000074a400000, 0x000000074a400000, 0x000000074a500000|  0%| F|  |TAMS 0x000000074a400000, 0x000000074a400000| Untracked 
| 155|0x000000074a500000, 0x000000074a500000, 0x000000074a600000|  0%| F|  |TAMS 0x000000074a500000, 0x000000074a500000| Untracked 
| 156|0x000000074a600000, 0x000000074a600000, 0x000000074a700000|  0%| F|  |TAMS 0x000000074a600000, 0x000000074a600000| Untracked 
| 157|0x000000074a700000, 0x000000074a700000, 0x000000074a800000|  0%| F|  |TAMS 0x000000074a700000, 0x000000074a700000| Untracked 
| 158|0x000000074a800000, 0x000000074a800000, 0x000000074a900000|  0%| F|  |TAMS 0x000000074a800000, 0x000000074a800000| Untracked 
| 159|0x000000074a900000, 0x000000074a900000, 0x000000074aa00000|  0%| F|  |TAMS 0x000000074a900000, 0x000000074a900000| Untracked 
| 160|0x000000074aa00000, 0x000000074aa00000, 0x000000074ab00000|  0%| F|  |TAMS 0x000000074aa00000, 0x000000074aa00000| Untracked 
| 161|0x000000074ab00000, 0x000000074ab00000, 0x000000074ac00000|  0%| F|  |TAMS 0x000000074ab00000, 0x000000074ab00000| Untracked 
| 162|0x000000074ac00000, 0x000000074ac00000, 0x000000074ad00000|  0%| F|  |TAMS 0x000000074ac00000, 0x000000074ac00000| Untracked 
| 163|0x000000074ad00000, 0x000000074ad00000, 0x000000074ae00000|  0%| F|  |TAMS 0x000000074ad00000, 0x000000074ad00000| Untracked 
| 164|0x000000074ae00000, 0x000000074ae00000, 0x000000074af00000|  0%| F|  |TAMS 0x000000074ae00000, 0x000000074ae00000| Untracked 
| 165|0x000000074af00000, 0x000000074af00000, 0x000000074b000000|  0%| F|  |TAMS 0x000000074af00000, 0x000000074af00000| Untracked 
| 166|0x000000074b000000, 0x000000074b000000, 0x000000074b100000|  0%| F|  |TAMS 0x000000074b000000, 0x000000074b000000| Untracked 
| 167|0x000000074b100000, 0x000000074b100000, 0x000000074b200000|  0%| F|  |TAMS 0x000000074b100000, 0x000000074b100000| Untracked 
| 168|0x000000074b200000, 0x000000074b200000, 0x000000074b300000|  0%| F|  |TAMS 0x000000074b200000, 0x000000074b200000| Untracked 
| 169|0x000000074b300000, 0x000000074b300000, 0x000000074b400000|  0%| F|  |TAMS 0x000000074b300000, 0x000000074b300000| Untracked 
| 170|0x000000074b400000, 0x000000074b400000, 0x000000074b500000|  0%| F|  |TAMS 0x000000074b400000, 0x000000074b400000| Untracked 
| 171|0x000000074b500000, 0x000000074b500000, 0x000000074b600000|  0%| F|  |TAMS 0x000000074b500000, 0x000000074b500000| Untracked 
| 172|0x000000074b600000, 0x000000074b600000, 0x000000074b700000|  0%| F|  |TAMS 0x000000074b600000, 0x000000074b600000| Untracked 
| 173|0x000000074b700000, 0x000000074b700000, 0x000000074b800000|  0%| F|  |TAMS 0x000000074b700000, 0x000000074b700000| Untracked 
| 174|0x000000074b800000, 0x000000074b800000, 0x000000074b900000|  0%| F|  |TAMS 0x000000074b800000, 0x000000074b800000| Untracked 
| 175|0x000000074b900000, 0x000000074b900000, 0x000000074ba00000|  0%| F|  |TAMS 0x000000074b900000, 0x000000074b900000| Untracked 
| 176|0x000000074ba00000, 0x000000074ba00000, 0x000000074bb00000|  0%| F|  |TAMS 0x000000074ba00000, 0x000000074ba00000| Untracked 
| 177|0x000000074bb00000, 0x000000074bb00000, 0x000000074bc00000|  0%| F|  |TAMS 0x000000074bb00000, 0x000000074bb00000| Untracked 
| 178|0x000000074bc00000, 0x000000074bc00000, 0x000000074bd00000|  0%| F|  |TAMS 0x000000074bc00000, 0x000000074bc00000| Untracked 
| 179|0x000000074bd00000, 0x000000074bd00000, 0x000000074be00000|  0%| F|  |TAMS 0x000000074bd00000, 0x000000074bd00000| Untracked 
| 180|0x000000074be00000, 0x000000074be00000, 0x000000074bf00000|  0%| F|  |TAMS 0x000000074be00000, 0x000000074be00000| Untracked 
| 181|0x000000074bf00000, 0x000000074bf00000, 0x000000074c000000|  0%| F|  |TAMS 0x000000074bf00000, 0x000000074bf00000| Untracked 
| 182|0x000000074c000000, 0x000000074c100000, 0x000000074c100000|100%| S|CS|TAMS 0x000000074c000000, 0x000000074c000000| Complete 
| 183|0x000000074c100000, 0x000000074c200000, 0x000000074c200000|100%| S|CS|TAMS 0x000000074c100000, 0x000000074c100000| Complete 
| 184|0x000000074c200000, 0x000000074c25c348, 0x000000074c300000| 36%| E|  |TAMS 0x000000074c200000, 0x000000074c200000| Complete 
| 185|0x000000074c300000, 0x000000074c400000, 0x000000074c400000|100%| E|CS|TAMS 0x000000074c300000, 0x000000074c300000| Complete 
| 186|0x000000074c400000, 0x000000074c500000, 0x000000074c500000|100%| E|CS|TAMS 0x000000074c400000, 0x000000074c400000| Complete 
| 187|0x000000074c500000, 0x000000074c600000, 0x000000074c600000|100%| E|CS|TAMS 0x000000074c500000, 0x000000074c500000| Complete 
| 188|0x000000074c600000, 0x000000074c700000, 0x000000074c700000|100%| E|CS|TAMS 0x000000074c600000, 0x000000074c600000| Complete 
| 189|0x000000074c700000, 0x000000074c800000, 0x000000074c800000|100%| E|CS|TAMS 0x000000074c700000, 0x000000074c700000| Complete 
| 190|0x000000074c800000, 0x000000074c900000, 0x000000074c900000|100%| E|CS|TAMS 0x000000074c800000, 0x000000074c800000| Complete 
| 191|0x000000074c900000, 0x000000074ca00000, 0x000000074ca00000|100%| E|CS|TAMS 0x000000074c900000, 0x000000074c900000| Complete 

Card table byte_map: [0x000000001a820000,0x000000001ae20000] _byte_map_base: 0x0000000016e1b000

Marking Bits (Prev, Next): (CMBitMap*) 0x0000000000441388, (CMBitMap*) 0x00000000004413c8
 Prev Bits: [0x000000001b420000, 0x000000001e3f8000)
 Next Bits: [0x000000001e400000, 0x00000000213d8000)

Polling page: 0x0000000000320000

Metaspace:

Usage:
  Non-class:      5.02 MB capacity,     4.75 MB ( 95%) used,   263.45 KB (  5%) free+waste,    17.00 KB ( <1%) overhead. 
      Class:    775.00 KB capacity,   677.84 KB ( 87%) used,    86.79 KB ( 11%) free+waste,    10.38 KB (  1%) overhead. 
       Both:      5.78 MB capacity,     5.41 MB ( 94%) used,   350.24 KB (  6%) free+waste,    27.38 KB ( <1%) overhead. 

Virtual space:
  Non-class space:        8.00 MB reserved,       5.25 MB ( 66%) committed 
      Class space:        1.00 GB reserved,     896.00 KB ( <1%) committed 
             Both:        1.01 GB reserved,       6.13 MB ( <1%) committed 

Chunk freelists:
   Non-Class:  40.00 KB
       Class:  25.00 KB
        Both:  65.00 KB

MaxMetaspaceSize: 17179869184.00 GB
CompressedClassSpaceSize: 1.00 GB

CodeHeap 'non-profiled nmethods': size=238912Kb used=1375Kb max_used=1375Kb free=237536Kb
 bounds [0x000000000b2b0000, 0x000000000b520000, 0x0000000019c00000]
CodeHeap 'non-nmethods': size=6848Kb used=1184Kb max_used=1184Kb free=5663Kb
 bounds [0x000000000ac00000, 0x000000000ae70000, 0x000000000b2b0000]
 total_blobs=1668 nmethods=955 adapters=368
 compilation: enabled
              stopped_count=0, restarted_count=0
 full_count=0

Compilation events (20 events):
Event: 0.377 Thread 0x0000000024196800  945       1       java.util.ArrayList::iterator (9 bytes)
Event: 0.377 Thread 0x0000000024196800 nmethod 945 0x000000000b405390 code [0x000000000b405540, 0x000000000b405738]
Event: 0.377 Thread 0x0000000024196800  946       1       java.util.ArrayList$Itr::<init> (26 bytes)
Event: 0.377 Thread 0x0000000024196800 nmethod 946 0x000000000b405810 code [0x000000000b4059a0, 0x000000000b405b38]
Event: 0.377 Thread 0x0000000024196800  950       1       java.lang.invoke.LambdaForm::forceInterpretation (14 bytes)
Event: 0.377 Thread 0x0000000024196800 nmethod 950 0x000000000b405c10 code [0x000000000b405da0, 0x000000000b405ef8]
Event: 0.377 Thread 0x0000000024196800  940       1       java.util.ImmutableCollections$List12::size (13 bytes)
Event: 0.377 Thread 0x0000000024196800 nmethod 940 0x000000000b405f90 code [0x000000000b406120, 0x000000000b406278]
Event: 0.377 Thread 0x0000000024196800  939       1       jdk.internal.jimage.ImageHeader::getTableLength (5 bytes)
Event: 0.377 Thread 0x0000000024196800 nmethod 939 0x000000000b406310 code [0x000000000b4064a0, 0x000000000b4065d8]
Event: 0.377 Thread 0x0000000024196800  951       1       java.lang.invoke.MethodHandleNatives::isPullModeBSM (2 bytes)
Event: 0.377 Thread 0x0000000024196800 nmethod 951 0x000000000b406690 code [0x000000000b406820, 0x000000000b406918]
Event: 0.377 Thread 0x0000000024196800  952       1       java.util.ArrayList::grow (60 bytes)
Event: 0.378 Thread 0x0000000024196800 nmethod 952 0x000000000b406990 code [0x000000000b406b60, 0x000000000b406fc0]
Event: 0.378 Thread 0x0000000024196800  953       1       java.lang.Module::allows (60 bytes)
Event: 0.378 Thread 0x0000000024196800 nmethod 953 0x000000000b407110 code [0x000000000b4072e0, 0x000000000b407570]
Event: 0.381 Thread 0x0000000024196800  954       1       java.util.jar.Attributes$Name::hashCode (5 bytes)
Event: 0.381 Thread 0x0000000024196800 nmethod 954 0x000000000b407690 code [0x000000000b407820, 0x000000000b407958]
Event: 0.381 Thread 0x0000000024196800  955       1       java.util.jar.Manifest$FastInputStream::readLine (9 bytes)
Event: 0.381 Thread 0x0000000024196800 nmethod 955 0x000000000b407a10 code [0x000000000b407bc0, 0x000000000b407d30]

GC Heap History (4 events):
Event: 0.193 GC heap before
{Heap before GC invocations=0 (full 0):
 garbage-first heap   total 196608K, used 14336K [0x0000000740a00000, 0x0000000800000000)
  region size 1024K, 14 young (14336K), 0 survivors (0K)
 Metaspace       used 515K, capacity 4518K, committed 4864K, reserved 1056768K
  class space    used 47K, capacity 399K, committed 512K, reserved 1048576K
}
Event: 0.197 GC heap after
{Heap after GC invocations=1 (full 0):
 garbage-first heap   total 196608K, used 12546K [0x0000000740a00000, 0x0000000800000000)
  region size 1024K, 2 young (2048K), 2 survivors (2048K)
 Metaspace       used 515K, capacity 4518K, committed 4864K, reserved 1056768K
  class space    used 47K, capacity 399K, committed 512K, reserved 1048576K
}
Event: 0.340 GC heap before
{Heap before GC invocations=1 (full 0):
 garbage-first heap   total 196608K, used 19714K [0x0000000740a00000, 0x0000000800000000)
  region size 1024K, 10 young (10240K), 2 survivors (2048K)
 Metaspace       used 3235K, capacity 4747K, committed 4864K, reserved 1056768K
  class space    used 406K, capacity 483K, committed 512K, reserved 1048576K
}
Event: 0.343 GC heap after
{Heap after GC invocations=2 (full 0):
 garbage-first heap   total 196608K, used 17845K [0x0000000740a00000, 0x0000000800000000)
  region size 1024K, 2 young (2048K), 2 survivors (2048K)
 Metaspace       used 3235K, capacity 4747K, committed 4864K, reserved 1056768K
  class space    used 406K, capacity 483K, committed 512K, reserved 1048576K
}

Deoptimization events (0 events):
No events

Classes unloaded (0 events):
No events

Classes redefined (0 events):
No events

Internal exceptions (10 events):
Event: 0.228 Thread 0x00000000003e6800 Exception <a 'java/lang/NoSuchMethodError'{0x000000074c41a4e8}: 'java.lang.Object java.lang.invoke.DirectMethodHandle$Holder.invokeStaticInit(java.lang.Object, java.lang.Object, java.lang.Object)'> (0x000000074c41a4e8) 
thrown [t:/workspace/open/src/hotspot/share/interpreter/linkResolver.cpp, line 767]
Event: 0.230 Thread 0x00000000003e6800 Exception <a 'java/lang/NoSuchMethodError'{0x000000074c433a58}: 'int java.lang.invoke.DirectMethodHandle$Holder.invokeInterface(java.lang.Object, java.lang.Object)'> (0x000000074c433a58) 
thrown [t:/workspace/open/src/hotspot/share/interpreter/linkResolver.cpp, line 767]
Event: 0.231 Thread 0x00000000003e6800 Exception <a 'java/lang/IncompatibleClassChangeError'{0x000000074c436560}: Found class java.lang.Object, but interface was expected> (0x000000074c436560) 
thrown [t:/workspace/open/src/hotspot/share/interpreter/linkResolver.cpp, line 833]
Event: 0.291 Thread 0x00000000003e6800 Exception <a 'java/lang/NoSuchMethodError'{0x000000074c201700}: 'int java.lang.invoke.DirectMethodHandle$Holder.invokeSpecialIFC(java.lang.Object, java.lang.Object, java.lang.Object)'> (0x000000074c201700) 
thrown [t:/workspace/open/src/hotspot/share/interpreter/linkResolver.cpp, line 767]
Event: 0.303 Thread 0x00000000003e6800 Exception <a 'java/lang/NoSuchMethodError'{0x000000074c2654b0}: 'java.lang.Object java.lang.invoke.DirectMethodHandle$Holder.invokeStaticInit(java.lang.Object, int, int, int, int)'> (0x000000074c2654b0) 
thrown [t:/workspace/open/src/hotspot/share/interpreter/linkResolver.cpp, line 767]
Event: 0.345 Thread 0x00000000003e6800 Exception <a 'java/lang/NoSuchMethodError'{0x000000074c93c990}: 'java.lang.Object java.lang.invoke.DirectMethodHandle$Holder.invokeStaticInit(java.lang.Object, java.lang.Object, int, int, int, int)'> (0x000000074c93c990) 
thrown [t:/workspace/open/src/hotspot/share/interpreter/linkResolver.cpp, line 767]
Event: 0.350 Thread 0x00000000003e6800 Exception <a 'java/lang/ClassNotFoundException'{0x000000074c9565f8}: javax/management/remote/rmi/RMIServerImpl_Skel> (0x000000074c9565f8) 
thrown [t:/workspace/open/src/hotspot/share/classfile/systemDictionary.cpp, line 232]
Event: 0.372 Thread 0x00000000003e6800 Exception <a 'java/lang/ClassNotFoundException'{0x000000074c842ee0}: jdk/internal/agent/resources/spi/agentProvider> (0x000000074c842ee0) 
thrown [t:/workspace/open/src/hotspot/share/classfile/systemDictionary.cpp, line 232]
Event: 0.396 Thread 0x00000000003e6800 Exception <a 'java/lang/ClassNotFoundException'{0x000000074c63a910}: javax/smartcardio/CardPermission> (0x000000074c63a910) 
thrown [t:/workspace/open/src/hotspot/share/classfile/systemDictionary.cpp, line 232]
Event: 0.398 Thread 0x00000000003e6800 Exception <a 'java/io/FileNotFoundException'{0x000000074c648e68}> (0x000000074c648e68) 
thrown [t:/workspace/open/src/hotspot/share/prims/jni.cpp, line 598]

Events (20 events):
Event: 0.406 loading class ch/qos/logback/core/encoder/EncoderBase
Event: 0.406 loading class ch/qos/logback/core/encoder/EncoderBase done
Event: 0.406 loading class ch/qos/logback/core/encoder/Encoder
Event: 0.406 loading class ch/qos/logback/core/encoder/Encoder done
Event: 0.406 loading class ch/qos/logback/classic/layout/TTLLLayout
Event: 0.406 loading class ch/qos/logback/classic/layout/TTLLLayout done
Event: 0.406 loading class ch/qos/logback/core/LayoutBase
Event: 0.406 loading class ch/qos/logback/core/LayoutBase done
Event: 0.406 loading class ch/qos/logback/core/Layout
Event: 0.406 loading class ch/qos/logback/core/Layout done
Event: 0.407 loading class ch/qos/logback/core/util/CachingDateFormatter
Event: 0.407 loading class ch/qos/logback/core/util/CachingDateFormatter done
Event: 0.410 loading class sun/util/calendar/ZoneInfoFile$Checksum
Event: 0.410 loading class java/util/zip/CRC32
Event: 0.410 loading class java/util/zip/Checksum
Event: 0.410 loading class java/util/zip/Checksum done
Event: 0.410 loading class java/util/zip/CRC32 done
Event: 0.410 loading class sun/util/calendar/ZoneInfoFile$Checksum done
Event: 0.410 loading class java/util/zip/Checksum$1
Event: 0.410 loading class java/util/zip/Checksum$1 done


Dynamic libraries:
0x000000013f090000 - 0x000000013f09f000 	C:\Program Files\Java\jdk-13.0.1\bin\javaw.exe
0x00000000779c0000 - 0x0000000077b5f000 	C:\Windows\SYSTEM32\ntdll.dll
0x00000000777a0000 - 0x00000000778bf000 	C:\Windows\system32\kernel32.dll
0x000007fefd5e0000 - 0x000007fefd647000 	C:\Windows\system32\KERNELBASE.dll
0x000007fef2500000 - 0x000007fef2518000 	C:\Program Files\Java\jdk-13.0.1\bin\jli.dll
0x000007fefe6c0000 - 0x000007fefe79b000 	C:\Windows\system32\ADVAPI32.dll
0x000007fefdc40000 - 0x000007fefdcdf000 	C:\Windows\system32\msvcrt.dll
0x000007fefe370000 - 0x000007fefe38f000 	C:\Windows\SYSTEM32\sechost.dll
0x000007fefed20000 - 0x000007fefee4c000 	C:\Windows\system32\RPCRT4.dll
0x000007fefc080000 - 0x000007fefc275000 	C:\Windows\WinSxS\amd64_microsoft.windows.common-controls_6595b64144ccf1df_6.0.7601.24483_none_e372d88f30fbb845\COMCTL32.dll
0x000007fefe500000 - 0x000007fefe567000 	C:\Windows\system32\GDI32.dll
0x00000000778c0000 - 0x00000000779bb000 	C:\Windows\system32\USER32.dll
0x000007fefe3b0000 - 0x000007fefe3be000 	C:\Windows\system32\LPK.dll
0x000007fefebb0000 - 0x000007fefec7b000 	C:\Windows\system32\USP10.dll
0x000007feffc30000 - 0x000007feffca1000 	C:\Windows\system32\SHLWAPI.dll
0x000007fefc5d0000 - 0x000007fefc5dc000 	C:\Windows\system32\VERSION.dll
0x000007fef2520000 - 0x000007fef2535000 	C:\Program Files\Java\jdk-13.0.1\bin\VCRUNTIME140.dll
0x000007fefaeb0000 - 0x000007fefaeb4000 	C:\Program Files\Java\jdk-13.0.1\bin\api-ms-win-crt-runtime-l1-1-0.dll
0x000007fee6a20000 - 0x000007fee6b1c000 	C:\Program Files\Java\jdk-13.0.1\bin\ucrtbase.DLL
0x000007fefaf20000 - 0x000007fefaf23000 	C:\Program Files\Java\jdk-13.0.1\bin\api-ms-win-core-localization-l1-2-0.dll
0x000007fef7f00000 - 0x000007fef7f03000 	C:\Program Files\Java\jdk-13.0.1\bin\api-ms-win-core-processthreads-l1-1-1.dll
0x000007fefa3b0000 - 0x000007fefa3b3000 	C:\Program Files\Java\jdk-13.0.1\bin\api-ms-win-core-file-l1-2-0.dll
0x000007fef7d20000 - 0x000007fef7d23000 	C:\Program Files\Java\jdk-13.0.1\bin\api-ms-win-core-timezone-l1-1-0.dll
0x000007fef7d60000 - 0x000007fef7d63000 	C:\Program Files\Java\jdk-13.0.1\bin\api-ms-win-core-file-l2-1-0.dll
0x000007fef5b20000 - 0x000007fef5b23000 	C:\Program Files\Java\jdk-13.0.1\bin\api-ms-win-core-synch-l1-2-0.dll
0x000007fef7a30000 - 0x000007fef7a33000 	C:\Program Files\Java\jdk-13.0.1\bin\api-ms-win-crt-heap-l1-1-0.dll
0x000007fef24e0000 - 0x000007fef24e4000 	C:\Program Files\Java\jdk-13.0.1\bin\api-ms-win-crt-string-l1-1-0.dll
0x000007fef24f0000 - 0x000007fef24f4000 	C:\Program Files\Java\jdk-13.0.1\bin\api-ms-win-crt-stdio-l1-1-0.dll
0x000007fef24c0000 - 0x000007fef24c4000 	C:\Program Files\Java\jdk-13.0.1\bin\api-ms-win-crt-convert-l1-1-0.dll
0x000007fef24d0000 - 0x000007fef24d3000 	C:\Program Files\Java\jdk-13.0.1\bin\api-ms-win-crt-environment-l1-1-0.dll
0x000007fef2470000 - 0x000007fef2473000 	C:\Program Files\Java\jdk-13.0.1\bin\api-ms-win-crt-filesystem-l1-1-0.dll
0x000007fef24b0000 - 0x000007fef24b5000 	C:\Program Files\Java\jdk-13.0.1\bin\api-ms-win-crt-math-l1-1-0.dll
0x000007fef1030000 - 0x000007fef1033000 	C:\Program Files\Java\jdk-13.0.1\bin\api-ms-win-crt-locale-l1-1-0.dll
0x000007fefe3c0000 - 0x000007fefe3ee000 	C:\Windows\system32\IMM32.DLL
0x000007fefe3f0000 - 0x000007fefe4fb000 	C:\Windows\system32\MSCTF.dll
0x000007fee6670000 - 0x000007fee670b000 	C:\Program Files\Java\jdk-13.0.1\bin\msvcp140.dll
0x000007fef2460000 - 0x000007fef2463000 	C:\Program Files\Java\jdk-13.0.1\bin\api-ms-win-crt-time-l1-1-0.dll
0x000007fef0ca0000 - 0x000007fef0ca3000 	C:\Program Files\Java\jdk-13.0.1\bin\api-ms-win-crt-utility-l1-1-0.dll
0x000007fef12c0000 - 0x000007fef1e26000 	C:\Program Files\Java\jdk-13.0.1\bin\server\jvm.dll
0x000007feef2c0000 - 0x000007feef2c9000 	C:\Windows\system32\WSOCK32.dll
0x000007fefee50000 - 0x000007fefee9d000 	C:\Windows\system32\WS2_32.dll
0x000007fefe6b0000 - 0x000007fefe6b8000 	C:\Windows\system32\NSI.dll
0x000007fefb580000 - 0x000007fefb5bb000 	C:\Windows\system32\WINMM.dll
0x0000000077b60000 - 0x0000000077b67000 	C:\Windows\system32\PSAPI.DLL
0x000007fefaf30000 - 0x000007fefaf40000 	C:\Program Files\Java\jdk-13.0.1\bin\verify.dll
0x000007fef9ba0000 - 0x000007fef9cc5000 	C:\Windows\system32\DBGHELP.DLL
0x000007fef7e20000 - 0x000007fef7e46000 	C:\Program Files\Java\jdk-13.0.1\bin\java.dll
0x000007fef7dd0000 - 0x000007fef7de7000 	C:\Program Files\Java\jdk-13.0.1\bin\zip.dll
0x000007fefc530000 - 0x000007fefc53a000 	C:\Program Files\Java\jdk-13.0.1\bin\jimage.dll
0x000007fefeea0000 - 0x000007feffc2b000 	C:\Windows\system32\SHELL32.dll
0x000007fefe9b0000 - 0x000007fefebaf000 	C:\Windows\system32\ole32.dll
0x000007fefd510000 - 0x000007fefd51f000 	C:\Windows\system32\profapi.dll
0x000007fef7db0000 - 0x000007fef7dc9000 	C:\Program Files\Java\jdk-13.0.1\bin\net.dll
0x000007fef9d50000 - 0x000007fef9dc1000 	C:\Windows\system32\WINHTTP.dll
0x000007fef9ce0000 - 0x000007fef9d45000 	C:\Windows\system32\webio.dll
0x000007fefcc90000 - 0x000007fefcce5000 	C:\Windows\system32\mswsock.dll
0x000007fefcc80000 - 0x000007fefcc87000 	C:\Windows\System32\wship6.dll
0x000007fef7d90000 - 0x000007fef7da3000 	C:\Program Files\Java\jdk-13.0.1\bin\nio.dll
0x000007fef1020000 - 0x000007fef1029000 	C:\Program Files\Java\jdk-13.0.1\bin\management.dll
0x000007fef0c80000 - 0x000007fef0c8b000 	C:\Program Files\Java\jdk-13.0.1\bin\management_ext.dll
0x000007fefb1f0000 - 0x000007fefb205000 	C:\Windows\system32\NLAapi.dll
0x000007fef9650000 - 0x000007fef9665000 	C:\Windows\system32\napinsp.dll
0x000007fef9630000 - 0x000007fef9649000 	C:\Windows\system32\pnrpnsp.dll
0x000007fefcb10000 - 0x000007fefcb6b000 	C:\Windows\system32\DNSAPI.dll
0x000007fef9620000 - 0x000007fef962b000 	C:\Windows\System32\winrnr.dll
0x000007fef9610000 - 0x000007fef9620000 	C:\Windows\system32\wshbth.dll
0x000007fefc6c0000 - 0x000007fefc6c7000 	C:\Windows\System32\wshtcpip.dll
0x000007fefb060000 - 0x000007fefb087000 	C:\Windows\system32\IPHLPAPI.DLL
0x000007fefb040000 - 0x000007fefb04b000 	C:\Windows\system32\WINNSI.DLL
0x000007fef8150000 - 0x000007fef8158000 	C:\Windows\system32\rasadhlp.dll
0x000007fefaec0000 - 0x000007fefaf13000 	C:\Windows\System32\fwpuclnt.dll
0x000007fefccf0000 - 0x000007fefcd08000 	C:\Windows\system32\CRYPTSP.dll
0x000007fefc9f0000 - 0x000007fefca37000 	C:\Windows\system32\rsaenh.dll
0x000007fefd8b0000 - 0x000007fefd8cf000 	C:\Windows\system32\USERENV.dll
0x000007fefd3b0000 - 0x000007fefd3bf000 	C:\Windows\system32\CRYPTBASE.dll
0x000007fefaf70000 - 0x000007fefaf81000 	C:\Windows\system32\dhcpcsvc6.DLL
0x000007fefaf50000 - 0x000007fefaf68000 	C:\Windows\system32\dhcpcsvc.DLL

dbghelp: loaded successfully - version: 4.0.5 - missing functions: none
symbol engine: initialized successfully - sym options: 0x614 - pdb path: .;C:\Program Files\Java\jdk-13.0.1\bin;C:\Windows\SYSTEM32;C:\Windows\WinSxS\amd64_microsoft.windows.common-controls_6595b64144ccf1df_6.0.7601.24483_none_e372d88f30fbb845;C:\Program Files\Java\jdk-13.0.1\bin\server

VM Arguments:
jvm_args: -Dcom.sun.management.jmxremote -Dcom.sun.management.jmxremote.port=63381 -Dcom.sun.management.jmxremote.authenticate=false -Dcom.sun.management.jmxremote.ssl=false -Djava.rmi.server.hostname=localhost -Dspring.jmx.enabled=true -Dspring.application.admin.enabled=true -Xverify:none -XX:TieredStopAtLevel=1 -Dfile.encoding=UTF-8 
java_command: com.felipealmeida.cursomc.CursomcApplication --spring.output.ansi.enabled=always
java_class_path (initial): C:\temp\ws\cursomc\target\classes;C:\Users\felipe\.m2\repository\org\springframework\boot\spring-boot-starter\2.2.2.RELEASE\spring-boot-starter-2.2.2.RELEASE.jar;C:\Users\felipe\.m2\repository\org\springframework\boot\spring-boot-starter-logging\2.2.2.RELEASE\spring-boot-starter-logging-2.2.2.RELEASE.jar;C:\Users\felipe\.m2\repository\ch\qos\logback\logback-classic\1.2.3\logback-classic-1.2.3.jar;C:\Users\felipe\.m2\repository\ch\qos\logback\logback-core\1.2.3\logback-core-1.2.3.jar;C:\Users\felipe\.m2\repository\org\apache\logging\log4j\log4j-to-slf4j\2.12.1\log4j-to-slf4j-2.12.1.jar;C:\Users\felipe\.m2\repository\org\apache\logging\log4j\log4j-api\2.12.1\log4j-api-2.12.1.jar;C:\Users\felipe\.m2\repository\org\slf4j\jul-to-slf4j\1.7.29\jul-to-slf4j-1.7.29.jar;C:\Users\felipe\.m2\repository\jakarta\annotation\jakarta.annotation-api\1.3.5\jakarta.annotation-api-1.3.5.jar;C:\Users\felipe\.m2\repository\org\yaml\snakeyaml\1.25\snakeyaml-1.25.jar;C:\Users\felipe\.m2\repository\org\slf4j\slf4j-api\1.7.29\slf4j-api-1.7.29.jar;C:\Users\felipe\.m2\repository\jakarta\xml\bind\jakarta.xml.bind-api\2.3.2\jakarta.xml.bind-api-2.3.2.jar;C:\Users\felipe\.m2\repository\net\bytebuddy\byte-buddy\1.10.4\byte-buddy-1.10.4.jar;C:\Users\felipe\.m2\repository\org\springframework\spring-core\5.2.2.RELEASE\spring-core-5.2.2.RELEASE.jar;C:\Users\felipe\.m2\repository\org\springframework\spring-jcl\5.2.2.RELEASE\spring-jcl-5.2.2.RELEASE.jar;C:\Users\felipe\.m2\repository\org\springframework\boot\spring-boot-starter-data-jpa\2.2.2.RELEASE\spring-boot-starter-data-jpa-2.2.2.RELEASE.jar;C:\Users\felipe\.m2\repository\org\springframework\boot\spring-boot-starter-aop\2.2.2.RELEASE\spring-boot-starter-aop-2.2.2.RELEASE.jar;C:\Users\felipe\.m2\repository\org\aspectj\aspectjweaver\1.9.5\aspectjweaver-1.9.5.jar;C:\Users\felipe\.m2\repository\jakarta\activation\jakarta.activation-api\1.2.1\jakarta.activation-api-1.2.1.jar;C:\Users\felipe\.m2\repository\jakarta\persistence\
Launcher Type: SUN_STANDARD

[Global flags]
     intx CICompilerCount                          = 3                                         {product} {ergonomic}
     uint ConcGCThreads                            = 1                                         {product} {ergonomic}
     uint G1ConcRefinementThreads                  = 4                                         {product} {ergonomic}
   size_t G1HeapRegionSize                         = 1048576                                   {product} {ergonomic}
    uintx GCDrainStackTargetSize                   = 64                                        {product} {ergonomic}
   size_t InitialHeapSize                          = 201326592                                 {product} {ergonomic}
     bool ManagementServer                         = true                                      {product} {command line}
   size_t MarkStackSize                            = 4194304                                   {product} {ergonomic}
   size_t MaxHeapSize                              = 3210739712                                {product} {ergonomic}
   size_t MaxNewSize                               = 1926234112                                {product} {ergonomic}
   size_t MinHeapDeltaBytes                        = 1048576                                   {product} {ergonomic}
   size_t MinHeapSize                              = 8388608                                   {product} {ergonomic}
    uintx NonNMethodCodeHeapSize                   = 6973028                                {pd product} {ergonomic}
    uintx NonProfiledCodeHeapSize                  = 244685212                              {pd product} {ergonomic}
    uintx ProfiledCodeHeapSize                     = 0                                      {pd product} {ergonomic}
    uintx ReservedCodeCacheSize                    = 251658240                              {pd product} {ergonomic}
     bool SegmentedCodeCache                       = true                                      {product} {ergonomic}
   size_t SoftMaxHeapSize                          = 3210739712                             {manageable} {ergonomic}
     intx TieredStopAtLevel                        = 1                                         {product} {command line}
     bool UseCompressedClassPointers               = true                                 {lp64_product} {ergonomic}
     bool UseCompressedOops                        = true                                 {lp64_product} {ergonomic}
     bool UseG1GC                                  = true                                      {product} {ergonomic}
     bool UseLargePagesIndividualAllocation        = false                                  {pd product} {ergonomic}

Logging:
Log output configuration:
 #0: stdout all=warning uptime,level,tags
 #1: stderr all=off uptime,level,tags

Environment Variables:
JAVA_HOME=C:\Program Files\Java\jdk-13.0.1
PATH=C:/Program Files/Java/jdk-13.0.1/bin/server;C:/Program Files/Java/jdk-13.0.1/bin;C:\Windows\system32;C:\Windows;C:\Windows\System32\Wbem;C:\Windows\System32\WindowsPowerShell\v1.0\;C:\Program Files\Java\jdk-13.0.1\bin;C:\Program Files\Git\cmd;C:\Program Files\MongoDB\Server\4.2\bin;C:\Program Files\nodejs\;C:\xampp\mysql\bin;C:\Users\felipe\AppData\Roaming\npm;C:\Users\felipe\AppData\Local\Programs\Microsoft VS Code\bin;C:\Program Files\heroku\bin;C:\Users\felipe\Documents\sts-4.4.0.RELEASE;
USERNAME=felipe
OS=Windows_NT
PROCESSOR_IDENTIFIER=Intel64 Family 6 Model 60 Stepping 3, GenuineIntel



---------------  S Y S T E M  ---------------

OS: Windows 7 , 64 bit Build 7601 (6.1.7601.24545)

CPU:total 4 (initial active 4) (4 cores per cpu, 1 threads per core) family 6 model 60 stepping 3, cmov, cx8, fxsr, mmx, sse, sse2, sse3, ssse3, sse4.1, sse4.2, popcnt, avx, avx2, aes, clmul, erms, lzcnt, tsc, tscinvbit, bmi1, bmi2, fma

Memory: 4k page, system-wide physical 12243M (4846M free)
TotalPageFile size 24484M (AvailPageFile size 13856M)
current process WorkingSet (physical memory assigned to process): 78M, peak: 78M
current process commit charge ("private bytes"): 298M, peak: 298M

vm_info: Java HotSpot(TM) 64-Bit Server VM (13.0.1+9) for windows-amd64 JRE (13.0.1+9), built on Oct  6 2019 12:37:49 by "mach5one" with unknown MS VC++:1916

END.
